{"C:\\Users\\SGC\\Desktop\\TeamProject\\ai-project\\back\\src\\app.js": {"path":"C:\\Users\\SGC\\Desktop\\TeamProject\\ai-project\\back\\src\\app.js","statementMap":{"0":{"start":{"line":25,"column":0},"end":{"line":25,"column":28}},"1":{"start":{"line":26,"column":19},"end":{"line":26,"column":28}},"2":{"start":{"line":28,"column":0},"end":{"line":32,"column":3}},"3":{"start":{"line":34,"column":23},"end":{"line":34,"column":46}},"4":{"start":{"line":36,"column":0},"end":{"line":47,"column":1}},"5":{"start":{"line":37,"column":21},"end":{"line":37,"column":42}},"6":{"start":{"line":38,"column":16},"end":{"line":44,"column":3}},"7":{"start":{"line":45,"column":19},"end":{"line":45,"column":50}},"8":{"start":{"line":46,"column":21},"end":{"line":46,"column":56}},"9":{"start":{"line":48,"column":16},"end":{"line":52,"column":2}},"10":{"start":{"line":54,"column":0},"end":{"line":54,"column":18}},"11":{"start":{"line":55,"column":0},"end":{"line":60,"column":2}},"12":{"start":{"line":61,"column":0},"end":{"line":61,"column":17}},"13":{"start":{"line":62,"column":0},"end":{"line":62,"column":24}},"14":{"start":{"line":63,"column":0},"end":{"line":63,"column":49}},"15":{"start":{"line":64,"column":0},"end":{"line":64,"column":23}},"16":{"start":{"line":67,"column":0},"end":{"line":75,"column":2}},"17":{"start":{"line":76,"column":0},"end":{"line":76,"column":21}},"18":{"start":{"line":77,"column":0},"end":{"line":77,"column":31}},"19":{"start":{"line":78,"column":0},"end":{"line":78,"column":28}},"20":{"start":{"line":81,"column":0},"end":{"line":91,"column":1}},"21":{"start":{"line":82,"column":2},"end":{"line":88,"column":4}},"22":{"start":{"line":85,"column":8},"end":{"line":85,"column":36}},"23":{"start":{"line":90,"column":2},"end":{"line":90,"column":25}},"24":{"start":{"line":93,"column":0},"end":{"line":93,"column":42}},"25":{"start":{"line":94,"column":0},"end":{"line":94,"column":42}},"26":{"start":{"line":95,"column":0},"end":{"line":99,"column":2}},"27":{"start":{"line":100,"column":0},"end":{"line":100,"column":31}},"28":{"start":{"line":101,"column":0},"end":{"line":101,"column":29}},"29":{"start":{"line":102,"column":0},"end":{"line":102,"column":31}},"30":{"start":{"line":103,"column":0},"end":{"line":103,"column":37}},"31":{"start":{"line":104,"column":0},"end":{"line":104,"column":33}},"32":{"start":{"line":105,"column":0},"end":{"line":105,"column":35}},"33":{"start":{"line":106,"column":0},"end":{"line":108,"column":3}},"34":{"start":{"line":107,"column":2},"end":{"line":107,"column":43}},"35":{"start":{"line":109,"column":0},"end":{"line":118,"column":2}},"36":{"start":{"line":112,"column":6},"end":{"line":114,"column":7}},"37":{"start":{"line":113,"column":8},"end":{"line":113,"column":20}},"38":{"start":{"line":115,"column":6},"end":{"line":115,"column":19}},"39":{"start":{"line":119,"column":0},"end":{"line":119,"column":25}}},"fnMap":{"0":{"name":"(anonymous_0)","decl":{"start":{"line":84,"column":12},"end":{"line":84,"column":13}},"loc":{"start":{"line":84,"column":32},"end":{"line":86,"column":7}},"line":84},"1":{"name":"(anonymous_1)","decl":{"start":{"line":106,"column":8},"end":{"line":106,"column":9}},"loc":{"start":{"line":106,"column":34},"end":{"line":108,"column":1}},"line":106},"2":{"name":"(anonymous_2)","decl":{"start":{"line":111,"column":4},"end":{"line":111,"column":5}},"loc":{"start":{"line":111,"column":29},"end":{"line":116,"column":5}},"line":111}},"branchMap":{"0":{"loc":{"start":{"line":36,"column":0},"end":{"line":47,"column":1}},"type":"if","locations":[{"start":{"line":36,"column":0},"end":{"line":47,"column":1}},{"start":{},"end":{}}],"line":36},"1":{"loc":{"start":{"line":81,"column":0},"end":{"line":91,"column":1}},"type":"if","locations":[{"start":{"line":81,"column":0},"end":{"line":91,"column":1}},{"start":{"line":89,"column":7},"end":{"line":91,"column":1}}],"line":81},"2":{"loc":{"start":{"line":112,"column":6},"end":{"line":114,"column":7}},"type":"if","locations":[{"start":{"line":112,"column":6},"end":{"line":114,"column":7}},{"start":{},"end":{}}],"line":112}},"s":{"0":2,"1":2,"2":2,"3":2,"4":2,"5":0,"6":0,"7":0,"8":0,"9":2,"10":2,"11":2,"12":2,"13":2,"14":2,"15":2,"16":2,"17":2,"18":2,"19":2,"20":2,"21":0,"22":0,"23":2,"24":2,"25":2,"26":2,"27":2,"28":2,"29":2,"30":2,"31":2,"32":2,"33":2,"34":0,"35":2,"36":4,"37":0,"38":4,"39":2},"f":{"0":0,"1":0,"2":4},"b":{"0":[0,2],"1":[0,2],"2":[0,4]},"_coverageSchema":"1a1c01bbd47fc00a2c39e90264f33305004495a9","hash":"3d04091e0dcb68f731cefd5fe9a85a1421f1108e"}
,"C:\\Users\\SGC\\Desktop\\TeamProject\\ai-project\\back\\src\\config\\env.js": {"path":"C:\\Users\\SGC\\Desktop\\TeamProject\\ai-project\\back\\src\\config\\env.js","statementMap":{"0":{"start":{"line":2,"column":0},"end":{"line":2,"column":16}}},"fnMap":{},"branchMap":{},"s":{"0":2},"f":{},"b":{},"_coverageSchema":"1a1c01bbd47fc00a2c39e90264f33305004495a9","hash":"5ee841f31bed7ec12dfd3f8339c23a7103ebe1ae"}
,"C:\\Users\\SGC\\Desktop\\TeamProject\\ai-project\\back\\src\\config\\s3.js": {"path":"C:\\Users\\SGC\\Desktop\\TeamProject\\ai-project\\back\\src\\config\\s3.js","statementMap":{"0":{"start":{"line":3,"column":11},"end":{"line":3,"column":23}}},"fnMap":{},"branchMap":{},"s":{"0":2},"f":{},"b":{},"_coverageSchema":"1a1c01bbd47fc00a2c39e90264f33305004495a9","hash":"e47a89f9e2ab6e4821a1cde058d62a39aad93cd4"}
,"C:\\Users\\SGC\\Desktop\\TeamProject\\ai-project\\back\\src\\config\\swaggerDoc.js": {"path":"C:\\Users\\SGC\\Desktop\\TeamProject\\ai-project\\back\\src\\config\\swaggerDoc.js","statementMap":{"0":{"start":{"line":4,"column":18},"end":{"line":4,"column":32}},"1":{"start":{"line":6,"column":16},"end":{"line":30,"column":1}},"2":{"start":{"line":32,"column":21},"end":{"line":32,"column":42}}},"fnMap":{},"branchMap":{},"s":{"0":2,"1":2,"2":2},"f":{},"b":{},"_coverageSchema":"1a1c01bbd47fc00a2c39e90264f33305004495a9","hash":"70d01d5e77d632c95aa4f2418da08a12dfe90fa9"}
,"C:\\Users\\SGC\\Desktop\\TeamProject\\ai-project\\back\\src\\db\\index.js": {"path":"C:\\Users\\SGC\\Desktop\\TeamProject\\ai-project\\back\\src\\db\\index.js","statementMap":{},"fnMap":{},"branchMap":{},"s":{},"f":{},"b":{},"_coverageSchema":"1a1c01bbd47fc00a2c39e90264f33305004495a9","hash":"eacdab27f7ad65155651b6b6248dffb0373d06f7"}
,"C:\\Users\\SGC\\Desktop\\TeamProject\\ai-project\\back\\src\\db\\models\\Calendar.js": {"path":"C:\\Users\\SGC\\Desktop\\TeamProject\\ai-project\\back\\src\\db\\models\\Calendar.js","statementMap":{"0":{"start":{"line":3,"column":15},"end":{"line":3,"column":33}}},"fnMap":{},"branchMap":{},"s":{"0":2},"f":{},"b":{},"_coverageSchema":"1a1c01bbd47fc00a2c39e90264f33305004495a9","hash":"812603d8d5a5e41d939b684bcb549863dc51fe4b"}
,"C:\\Users\\SGC\\Desktop\\TeamProject\\ai-project\\back\\src\\db\\models\\Diary.js": {"path":"C:\\Users\\SGC\\Desktop\\TeamProject\\ai-project\\back\\src\\db\\models\\Diary.js","statementMap":{"0":{"start":{"line":2,"column":15},"end":{"line":2,"column":33}},"1":{"start":{"line":11,"column":24},"end":{"line":19,"column":6}},"2":{"start":{"line":20,"column":4},"end":{"line":20,"column":23}},"3":{"start":{"line":29,"column":24},"end":{"line":36,"column":6}},"4":{"start":{"line":37,"column":4},"end":{"line":37,"column":23}},"5":{"start":{"line":46,"column":24},"end":{"line":55,"column":6}},"6":{"start":{"line":56,"column":22},"end":{"line":68,"column":6}},"7":{"start":{"line":69,"column":4},"end":{"line":69,"column":21}},"8":{"start":{"line":78,"column":22},"end":{"line":95,"column":6}},"9":{"start":{"line":96,"column":4},"end":{"line":96,"column":21}},"10":{"start":{"line":105,"column":22},"end":{"line":126,"column":6}},"11":{"start":{"line":127,"column":4},"end":{"line":127,"column":21}},"12":{"start":{"line":136,"column":18},"end":{"line":140,"column":6}},"13":{"start":{"line":141,"column":4},"end":{"line":141,"column":17}},"14":{"start":{"line":149,"column":18},"end":{"line":156,"column":6}},"15":{"start":{"line":157,"column":4},"end":{"line":157,"column":17}},"16":{"start":{"line":165,"column":22},"end":{"line":169,"column":6}},"17":{"start":{"line":170,"column":4},"end":{"line":170,"column":21}},"18":{"start":{"line":179,"column":6},"end":{"line":179,"column":112}},"19":{"start":{"line":180,"column":4},"end":{"line":180,"column":18}}},"fnMap":{"0":{"name":"(anonymous_0)","decl":{"start":{"line":10,"column":2},"end":{"line":10,"column":3}},"loc":{"start":{"line":10,"column":32},"end":{"line":21,"column":3}},"line":10},"1":{"name":"(anonymous_1)","decl":{"start":{"line":28,"column":2},"end":{"line":28,"column":3}},"loc":{"start":{"line":28,"column":26},"end":{"line":38,"column":3}},"line":28},"2":{"name":"(anonymous_2)","decl":{"start":{"line":45,"column":2},"end":{"line":45,"column":3}},"loc":{"start":{"line":45,"column":24},"end":{"line":70,"column":3}},"line":45},"3":{"name":"(anonymous_3)","decl":{"start":{"line":77,"column":2},"end":{"line":77,"column":3}},"loc":{"start":{"line":77,"column":32},"end":{"line":97,"column":3}},"line":77},"4":{"name":"(anonymous_4)","decl":{"start":{"line":104,"column":2},"end":{"line":104,"column":3}},"loc":{"start":{"line":104,"column":46},"end":{"line":128,"column":3}},"line":104},"5":{"name":"(anonymous_5)","decl":{"start":{"line":135,"column":2},"end":{"line":135,"column":3}},"loc":{"start":{"line":135,"column":24},"end":{"line":142,"column":3}},"line":135},"6":{"name":"(anonymous_6)","decl":{"start":{"line":148,"column":2},"end":{"line":148,"column":3}},"loc":{"start":{"line":148,"column":29},"end":{"line":158,"column":3}},"line":148},"7":{"name":"(anonymous_7)","decl":{"start":{"line":164,"column":2},"end":{"line":164,"column":3}},"loc":{"start":{"line":164,"column":38},"end":{"line":171,"column":3}},"line":164},"8":{"name":"(anonymous_8)","decl":{"start":{"line":177,"column":2},"end":{"line":177,"column":3}},"loc":{"start":{"line":177,"column":36},"end":{"line":181,"column":3}},"line":177}},"branchMap":{},"s":{"0":2,"1":1,"2":1,"3":1,"4":1,"5":2,"6":2,"7":2,"8":1,"9":1,"10":0,"11":0,"12":4,"13":4,"14":1,"15":1,"16":1,"17":1,"18":1,"19":1},"f":{"0":1,"1":1,"2":2,"3":1,"4":0,"5":4,"6":1,"7":1,"8":1},"b":{},"_coverageSchema":"1a1c01bbd47fc00a2c39e90264f33305004495a9","hash":"79549bd000107d888525e283d23ac9af1fc9ad8b"}
,"C:\\Users\\SGC\\Desktop\\TeamProject\\ai-project\\back\\src\\db\\models\\Emotion.js": {"path":"C:\\Users\\SGC\\Desktop\\TeamProject\\ai-project\\back\\src\\db\\models\\Emotion.js","statementMap":{"0":{"start":{"line":2,"column":15},"end":{"line":2,"column":33}},"1":{"start":{"line":13,"column":26},"end":{"line":15,"column":6}},"2":{"start":{"line":16,"column":4},"end":{"line":16,"column":25}}},"fnMap":{"0":{"name":"(anonymous_0)","decl":{"start":{"line":12,"column":2},"end":{"line":12,"column":3}},"loc":{"start":{"line":12,"column":34},"end":{"line":17,"column":3}},"line":12}},"branchMap":{},"s":{"0":2,"1":1,"2":1},"f":{"0":1},"b":{},"_coverageSchema":"1a1c01bbd47fc00a2c39e90264f33305004495a9","hash":"2d543093322eea522706449e17e29b9ed7ba55d7"}
,"C:\\Users\\SGC\\Desktop\\TeamProject\\ai-project\\back\\src\\db\\models\\User.js": {"path":"C:\\Users\\SGC\\Desktop\\TeamProject\\ai-project\\back\\src\\db\\models\\User.js","statementMap":{"0":{"start":{"line":3,"column":15},"end":{"line":3,"column":33}},"1":{"start":{"line":6,"column":19},"end":{"line":11,"column":6}},"2":{"start":{"line":12,"column":4},"end":{"line":14,"column":5}},"3":{"start":{"line":13,"column":6},"end":{"line":13,"column":18}},"4":{"start":{"line":15,"column":24},"end":{"line":21,"column":6}},"5":{"start":{"line":22,"column":4},"end":{"line":22,"column":23}},"6":{"start":{"line":26,"column":22},"end":{"line":31,"column":6}},"7":{"start":{"line":32,"column":4},"end":{"line":32,"column":21}},"8":{"start":{"line":36,"column":4},"end":{"line":53,"column":5}},"9":{"start":{"line":37,"column":24},"end":{"line":43,"column":8}},"10":{"start":{"line":44,"column":6},"end":{"line":44,"column":23}},"11":{"start":{"line":46,"column":24},"end":{"line":51,"column":8}},"12":{"start":{"line":52,"column":6},"end":{"line":52,"column":23}}},"fnMap":{"0":{"name":"(anonymous_0)","decl":{"start":{"line":5,"column":2},"end":{"line":5,"column":3}},"loc":{"start":{"line":5,"column":49},"end":{"line":23,"column":3}},"line":5},"1":{"name":"(anonymous_1)","decl":{"start":{"line":25,"column":4},"end":{"line":25,"column":5}},"loc":{"start":{"line":25,"column":46},"end":{"line":33,"column":3}},"line":25},"2":{"name":"(anonymous_2)","decl":{"start":{"line":35,"column":2},"end":{"line":35,"column":3}},"loc":{"start":{"line":35,"column":47},"end":{"line":54,"column":3}},"line":35}},"branchMap":{"0":{"loc":{"start":{"line":12,"column":4},"end":{"line":14,"column":5}},"type":"if","locations":[{"start":{"line":12,"column":4},"end":{"line":14,"column":5}},{"start":{},"end":{}}],"line":12},"1":{"loc":{"start":{"line":36,"column":4},"end":{"line":53,"column":5}},"type":"if","locations":[{"start":{"line":36,"column":4},"end":{"line":53,"column":5}},{"start":{"line":45,"column":11},"end":{"line":53,"column":5}}],"line":36}},"s":{"0":2,"1":0,"2":0,"3":0,"4":0,"5":0,"6":0,"7":0,"8":2,"9":2,"10":2,"11":0,"12":0},"f":{"0":0,"1":0,"2":2},"b":{"0":[0,0],"1":[2,0]},"_coverageSchema":"1a1c01bbd47fc00a2c39e90264f33305004495a9","hash":"9f935862dffeac4fbdfaf594aa7042b3561b8c68"}
,"C:\\Users\\SGC\\Desktop\\TeamProject\\ai-project\\back\\src\\middlewares\\errorMiddleware.js": {"path":"C:\\Users\\SGC\\Desktop\\TeamProject\\ai-project\\back\\src\\middlewares\\errorMiddleware.js","statementMap":{"0":{"start":{"line":6,"column":2},"end":{"line":6,"column":42}},"1":{"start":{"line":7,"column":25},"end":{"line":7,"column":45}},"2":{"start":{"line":8,"column":2},"end":{"line":8,"column":71}},"3":{"start":{"line":9,"column":15},"end":{"line":16,"column":3}},"4":{"start":{"line":17,"column":2},"end":{"line":17,"column":63}}},"fnMap":{"0":{"name":"errorMiddleware","decl":{"start":{"line":4,"column":24},"end":{"line":4,"column":39}},"loc":{"start":{"line":4,"column":63},"end":{"line":18,"column":1}},"line":4}},"branchMap":{"0":{"loc":{"start":{"line":13,"column":12},"end":{"line":13,"column":49}},"type":"binary-expr","locations":[{"start":{"line":13,"column":12},"end":{"line":13,"column":24}},{"start":{"line":13,"column":28},"end":{"line":13,"column":49}}],"line":13},"1":{"loc":{"start":{"line":14,"column":15},"end":{"line":14,"column":46}},"type":"binary-expr","locations":[{"start":{"line":14,"column":15},"end":{"line":14,"column":28}},{"start":{"line":14,"column":32},"end":{"line":14,"column":46}}],"line":14},"2":{"loc":{"start":{"line":17,"column":13},"end":{"line":17,"column":50}},"type":"binary-expr","locations":[{"start":{"line":17,"column":13},"end":{"line":17,"column":25}},{"start":{"line":17,"column":29},"end":{"line":17,"column":50}}],"line":17}},"s":{"0":4,"1":4,"2":4,"3":4,"4":4},"f":{"0":4},"b":{"0":[4,4],"1":[4,0],"2":[4,4]},"_coverageSchema":"1a1c01bbd47fc00a2c39e90264f33305004495a9","hash":"099c0dcf3ae41b16abf12a24915b188a8eb13fbe"}
,"C:\\Users\\SGC\\Desktop\\TeamProject\\ai-project\\back\\src\\middlewares\\validator.js": {"path":"C:\\Users\\SGC\\Desktop\\TeamProject\\ai-project\\back\\src\\middlewares\\validator.js","statementMap":{"0":{"start":{"line":5,"column":24},"end":{"line":19,"column":1}},"1":{"start":{"line":6,"column":17},"end":{"line":6,"column":38}},"2":{"start":{"line":7,"column":2},"end":{"line":9,"column":3}},"3":{"start":{"line":8,"column":4},"end":{"line":8,"column":18}},"4":{"start":{"line":10,"column":2},"end":{"line":10,"column":78}},"5":{"start":{"line":11,"column":2},"end":{"line":18,"column":5}}},"fnMap":{"0":{"name":"(anonymous_0)","decl":{"start":{"line":5,"column":24},"end":{"line":5,"column":25}},"loc":{"start":{"line":5,"column":44},"end":{"line":19,"column":1}},"line":5}},"branchMap":{"0":{"loc":{"start":{"line":7,"column":2},"end":{"line":9,"column":3}},"type":"if","locations":[{"start":{"line":7,"column":2},"end":{"line":9,"column":3}},{"start":{},"end":{}}],"line":7},"1":{"loc":{"start":{"line":11,"column":20},"end":{"line":11,"column":56}},"type":"binary-expr","locations":[{"start":{"line":11,"column":20},"end":{"line":11,"column":31}},{"start":{"line":11,"column":35},"end":{"line":11,"column":56}}],"line":11}},"s":{"0":2,"1":10,"2":10,"3":6,"4":4,"5":4},"f":{"0":10},"b":{"0":[6,4],"1":[4,4]},"_coverageSchema":"1a1c01bbd47fc00a2c39e90264f33305004495a9","hash":"938a957da42fb18938dbd0fc90c408e8ca15305d"}
,"C:\\Users\\SGC\\Desktop\\TeamProject\\ai-project\\back\\src\\passport\\finalStrategy.js": {"path":"C:\\Users\\SGC\\Desktop\\TeamProject\\ai-project\\back\\src\\passport\\finalStrategy.js","statementMap":{"0":{"start":{"line":7,"column":34},"end":{"line":21,"column":1}},"1":{"start":{"line":8,"column":2},"end":{"line":11,"column":5}},"2":{"start":{"line":10,"column":4},"end":{"line":10,"column":21}},"3":{"start":{"line":12,"column":2},"end":{"line":15,"column":5}},"4":{"start":{"line":14,"column":4},"end":{"line":14,"column":21}},"5":{"start":{"line":16,"column":2},"end":{"line":16,"column":18}},"6":{"start":{"line":17,"column":2},"end":{"line":17,"column":19}},"7":{"start":{"line":18,"column":2},"end":{"line":18,"column":18}},"8":{"start":{"line":19,"column":2},"end":{"line":19,"column":18}},"9":{"start":{"line":20,"column":2},"end":{"line":20,"column":18}}},"fnMap":{"0":{"name":"(anonymous_0)","decl":{"start":{"line":7,"column":34},"end":{"line":7,"column":35}},"loc":{"start":{"line":7,"column":40},"end":{"line":21,"column":1}},"line":7},"1":{"name":"(anonymous_1)","decl":{"start":{"line":8,"column":25},"end":{"line":8,"column":26}},"loc":{"start":{"line":8,"column":41},"end":{"line":11,"column":3}},"line":8},"2":{"name":"(anonymous_2)","decl":{"start":{"line":12,"column":27},"end":{"line":12,"column":28}},"loc":{"start":{"line":12,"column":43},"end":{"line":15,"column":3}},"line":12}},"branchMap":{},"s":{"0":2,"1":2,"2":2,"3":2,"4":6,"5":2,"6":2,"7":2,"8":2,"9":2},"f":{"0":2,"1":2,"2":6},"b":{},"_coverageSchema":"1a1c01bbd47fc00a2c39e90264f33305004495a9","hash":"c8e800d7373f4d1055e2c13e7b2adb7efd982882"}
,"C:\\Users\\SGC\\Desktop\\TeamProject\\ai-project\\back\\src\\passport\\googleStrategy.js": {"path":"C:\\Users\\SGC\\Desktop\\TeamProject\\ai-project\\back\\src\\passport\\googleStrategy.js","statementMap":{"0":{"start":{"line":7,"column":15},"end":{"line":7,"column":33}},"1":{"start":{"line":10,"column":15},"end":{"line":15,"column":1}},"2":{"start":{"line":17,"column":15},"end":{"line":36,"column":1}},"3":{"start":{"line":18,"column":16},"end":{"line":18,"column":39}},"4":{"start":{"line":19,"column":17},"end":{"line":19,"column":65}},"5":{"start":{"line":20,"column":2},"end":{"line":35,"column":3}},"6":{"start":{"line":21,"column":4},"end":{"line":32,"column":5}},"7":{"start":{"line":22,"column":6},"end":{"line":22,"column":32}},"8":{"start":{"line":24,"column":26},"end":{"line":30,"column":8}},"9":{"start":{"line":31,"column":6},"end":{"line":31,"column":32}},"10":{"start":{"line":34,"column":4},"end":{"line":34,"column":31}},"11":{"start":{"line":37,"column":30},"end":{"line":39,"column":1}},"12":{"start":{"line":38,"column":2},"end":{"line":38,"column":55}}},"fnMap":{"0":{"name":"(anonymous_0)","decl":{"start":{"line":17,"column":15},"end":{"line":17,"column":16}},"loc":{"start":{"line":17,"column":76},"end":{"line":36,"column":1}},"line":17},"1":{"name":"(anonymous_1)","decl":{"start":{"line":37,"column":30},"end":{"line":37,"column":31}},"loc":{"start":{"line":37,"column":36},"end":{"line":39,"column":1}},"line":37}},"branchMap":{"0":{"loc":{"start":{"line":21,"column":4},"end":{"line":32,"column":5}},"type":"if","locations":[{"start":{"line":21,"column":4},"end":{"line":32,"column":5}},{"start":{"line":23,"column":11},"end":{"line":32,"column":5}}],"line":21}},"s":{"0":2,"1":2,"2":2,"3":0,"4":0,"5":0,"6":0,"7":0,"8":0,"9":0,"10":0,"11":2,"12":2},"f":{"0":0,"1":2},"b":{"0":[0,0]},"_coverageSchema":"1a1c01bbd47fc00a2c39e90264f33305004495a9","hash":"d131cc5eede9fa997a4bb3a84a5170c33344ce33"}
,"C:\\Users\\SGC\\Desktop\\TeamProject\\ai-project\\back\\src\\passport\\kakaoStrategy.js": {"path":"C:\\Users\\SGC\\Desktop\\TeamProject\\ai-project\\back\\src\\passport\\kakaoStrategy.js","statementMap":{"0":{"start":{"line":6,"column":15},"end":{"line":6,"column":33}},"1":{"start":{"line":8,"column":15},"end":{"line":12,"column":1}},"2":{"start":{"line":14,"column":15},"end":{"line":33,"column":1}},"3":{"start":{"line":15,"column":16},"end":{"line":15,"column":49}},"4":{"start":{"line":16,"column":17},"end":{"line":16,"column":64}},"5":{"start":{"line":17,"column":2},"end":{"line":32,"column":3}},"6":{"start":{"line":18,"column":4},"end":{"line":29,"column":5}},"7":{"start":{"line":19,"column":6},"end":{"line":19,"column":32}},"8":{"start":{"line":21,"column":26},"end":{"line":27,"column":8}},"9":{"start":{"line":28,"column":6},"end":{"line":28,"column":32}},"10":{"start":{"line":31,"column":4},"end":{"line":31,"column":31}},"11":{"start":{"line":35,"column":29},"end":{"line":37,"column":1}},"12":{"start":{"line":36,"column":2},"end":{"line":36,"column":54}}},"fnMap":{"0":{"name":"(anonymous_0)","decl":{"start":{"line":14,"column":15},"end":{"line":14,"column":16}},"loc":{"start":{"line":14,"column":67},"end":{"line":33,"column":1}},"line":14},"1":{"name":"(anonymous_1)","decl":{"start":{"line":35,"column":29},"end":{"line":35,"column":30}},"loc":{"start":{"line":35,"column":35},"end":{"line":37,"column":1}},"line":35}},"branchMap":{"0":{"loc":{"start":{"line":18,"column":4},"end":{"line":29,"column":5}},"type":"if","locations":[{"start":{"line":18,"column":4},"end":{"line":29,"column":5}},{"start":{"line":20,"column":11},"end":{"line":29,"column":5}}],"line":18}},"s":{"0":2,"1":2,"2":2,"3":0,"4":0,"5":0,"6":0,"7":0,"8":0,"9":0,"10":0,"11":2,"12":4},"f":{"0":0,"1":4},"b":{"0":[0,0]},"_coverageSchema":"1a1c01bbd47fc00a2c39e90264f33305004495a9","hash":"5b97f3ae0aeebefaa701f2e87e46eb27ba848b44"}
,"C:\\Users\\SGC\\Desktop\\TeamProject\\ai-project\\back\\src\\passport\\localStrategy.js": {"path":"C:\\Users\\SGC\\Desktop\\TeamProject\\ai-project\\back\\src\\passport\\localStrategy.js","statementMap":{"0":{"start":{"line":7,"column":15},"end":{"line":7,"column":33}},"1":{"start":{"line":10,"column":15},"end":{"line":13,"column":1}},"2":{"start":{"line":14,"column":15},"end":{"line":25,"column":1}},"3":{"start":{"line":15,"column":17},"end":{"line":19,"column":4}},"4":{"start":{"line":20,"column":2},"end":{"line":24,"column":3}},"5":{"start":{"line":21,"column":4},"end":{"line":21,"column":23}},"6":{"start":{"line":23,"column":4},"end":{"line":23,"column":22}},"7":{"start":{"line":27,"column":29},"end":{"line":29,"column":1}},"8":{"start":{"line":28,"column":2},"end":{"line":28,"column":54}}},"fnMap":{"0":{"name":"(anonymous_0)","decl":{"start":{"line":14,"column":15},"end":{"line":14,"column":16}},"loc":{"start":{"line":14,"column":51},"end":{"line":25,"column":1}},"line":14},"1":{"name":"(anonymous_1)","decl":{"start":{"line":27,"column":29},"end":{"line":27,"column":30}},"loc":{"start":{"line":27,"column":35},"end":{"line":29,"column":1}},"line":27}},"branchMap":{"0":{"loc":{"start":{"line":20,"column":2},"end":{"line":24,"column":3}},"type":"if","locations":[{"start":{"line":20,"column":2},"end":{"line":24,"column":3}},{"start":{"line":22,"column":9},"end":{"line":24,"column":3}}],"line":20}},"s":{"0":2,"1":2,"2":2,"3":2,"4":2,"5":2,"6":0,"7":2,"8":2},"f":{"0":2,"1":2},"b":{"0":[2,0]},"_coverageSchema":"1a1c01bbd47fc00a2c39e90264f33305004495a9","hash":"ba2e4c93a24b6edddcdf64f37a2afb331f05b72d"}
,"C:\\Users\\SGC\\Desktop\\TeamProject\\ai-project\\back\\src\\passport\\naverStrategy.js": {"path":"C:\\Users\\SGC\\Desktop\\TeamProject\\ai-project\\back\\src\\passport\\naverStrategy.js","statementMap":{"0":{"start":{"line":6,"column":15},"end":{"line":6,"column":33}},"1":{"start":{"line":8,"column":15},"end":{"line":12,"column":1}},"2":{"start":{"line":14,"column":15},"end":{"line":33,"column":1}},"3":{"start":{"line":15,"column":16},"end":{"line":15,"column":35}},"4":{"start":{"line":16,"column":17},"end":{"line":16,"column":64}},"5":{"start":{"line":17,"column":2},"end":{"line":32,"column":3}},"6":{"start":{"line":18,"column":4},"end":{"line":29,"column":5}},"7":{"start":{"line":19,"column":6},"end":{"line":19,"column":32}},"8":{"start":{"line":21,"column":26},"end":{"line":27,"column":8}},"9":{"start":{"line":28,"column":6},"end":{"line":28,"column":32}},"10":{"start":{"line":31,"column":4},"end":{"line":31,"column":31}},"11":{"start":{"line":35,"column":29},"end":{"line":37,"column":1}},"12":{"start":{"line":36,"column":2},"end":{"line":36,"column":54}}},"fnMap":{"0":{"name":"(anonymous_0)","decl":{"start":{"line":14,"column":15},"end":{"line":14,"column":16}},"loc":{"start":{"line":14,"column":67},"end":{"line":33,"column":1}},"line":14},"1":{"name":"(anonymous_1)","decl":{"start":{"line":35,"column":29},"end":{"line":35,"column":30}},"loc":{"start":{"line":35,"column":35},"end":{"line":37,"column":1}},"line":35}},"branchMap":{"0":{"loc":{"start":{"line":18,"column":4},"end":{"line":29,"column":5}},"type":"if","locations":[{"start":{"line":18,"column":4},"end":{"line":29,"column":5}},{"start":{"line":20,"column":11},"end":{"line":29,"column":5}}],"line":18}},"s":{"0":2,"1":2,"2":2,"3":0,"4":0,"5":0,"6":0,"7":0,"8":0,"9":0,"10":0,"11":2,"12":2},"f":{"0":0,"1":2},"b":{"0":[0,0]},"_coverageSchema":"1a1c01bbd47fc00a2c39e90264f33305004495a9","hash":"d0ecbd8f6278faa665f337e3619b828e44f8d59a"}
,"C:\\Users\\SGC\\Desktop\\TeamProject\\ai-project\\back\\src\\routers\\calendarRouter.js": {"path":"C:\\Users\\SGC\\Desktop\\TeamProject\\ai-project\\back\\src\\routers\\calendarRouter.js","statementMap":{"0":{"start":{"line":4,"column":23},"end":{"line":4,"column":31}},"1":{"start":{"line":6,"column":0},"end":{"line":12,"column":3}},"2":{"start":{"line":7,"column":2},"end":{"line":11,"column":3}},"3":{"start":{"line":8,"column":4},"end":{"line":8,"column":19}},"4":{"start":{"line":10,"column":4},"end":{"line":10,"column":20}}},"fnMap":{"0":{"name":"(anonymous_0)","decl":{"start":{"line":6,"column":24},"end":{"line":6,"column":25}},"loc":{"start":{"line":6,"column":38},"end":{"line":12,"column":1}},"line":6}},"branchMap":{"0":{"loc":{"start":{"line":7,"column":2},"end":{"line":11,"column":3}},"type":"if","locations":[{"start":{"line":7,"column":2},"end":{"line":11,"column":3}},{"start":{"line":9,"column":9},"end":{"line":11,"column":3}}],"line":7}},"s":{"0":2,"1":2,"2":0,"3":0,"4":0},"f":{"0":0},"b":{"0":[0,0]},"_coverageSchema":"1a1c01bbd47fc00a2c39e90264f33305004495a9","hash":"84dca181f59aa799101a01e6b7ca88fb07df522c"}
,"C:\\Users\\SGC\\Desktop\\TeamProject\\ai-project\\back\\src\\routers\\diaryRouter.js": {"path":"C:\\Users\\SGC\\Desktop\\TeamProject\\ai-project\\back\\src\\routers\\diaryRouter.js","statementMap":{"0":{"start":{"line":6,"column":20},"end":{"line":6,"column":28}},"1":{"start":{"line":70,"column":0},"end":{"line":93,"column":2}},"2":{"start":{"line":78,"column":4},"end":{"line":91,"column":5}},"3":{"start":{"line":79,"column":6},"end":{"line":81,"column":7}},"4":{"start":{"line":80,"column":8},"end":{"line":80,"column":43}},"5":{"start":{"line":82,"column":21},"end":{"line":82,"column":32}},"6":{"start":{"line":83,"column":19},"end":{"line":83,"column":42}},"7":{"start":{"line":84,"column":6},"end":{"line":86,"column":7}},"8":{"start":{"line":85,"column":8},"end":{"line":85,"column":41}},"9":{"start":{"line":87,"column":19},"end":{"line":87,"column":50}},"10":{"start":{"line":88,"column":6},"end":{"line":88,"column":62}},"11":{"start":{"line":90,"column":6},"end":{"line":90,"column":18}},"12":{"start":{"line":111,"column":0},"end":{"line":136,"column":2}},"13":{"start":{"line":124,"column":22},"end":{"line":124,"column":52}},"14":{"start":{"line":125,"column":8},"end":{"line":127,"column":9}},"15":{"start":{"line":126,"column":10},"end":{"line":126,"column":52}},"16":{"start":{"line":132,"column":19},"end":{"line":132,"column":29}},"17":{"start":{"line":133,"column":17},"end":{"line":133,"column":46}},"18":{"start":{"line":134,"column":4},"end":{"line":134,"column":59}},"19":{"start":{"line":260,"column":0},"end":{"line":273,"column":3}},"20":{"start":{"line":261,"column":2},"end":{"line":263,"column":3}},"21":{"start":{"line":262,"column":4},"end":{"line":262,"column":39}},"22":{"start":{"line":264,"column":17},"end":{"line":264,"column":28}},"23":{"start":{"line":265,"column":21},"end":{"line":265,"column":30}},"24":{"start":{"line":266,"column":2},"end":{"line":266,"column":22}},"25":{"start":{"line":267,"column":2},"end":{"line":270,"column":3}},"26":{"start":{"line":268,"column":17},"end":{"line":268,"column":66}},"27":{"start":{"line":269,"column":4},"end":{"line":269,"column":55}},"28":{"start":{"line":271,"column":15},"end":{"line":271,"column":50}},"29":{"start":{"line":272,"column":2},"end":{"line":272,"column":53}},"30":{"start":{"line":325,"column":0},"end":{"line":350,"column":2}},"31":{"start":{"line":338,"column":22},"end":{"line":338,"column":52}},"32":{"start":{"line":339,"column":8},"end":{"line":341,"column":9}},"33":{"start":{"line":340,"column":10},"end":{"line":340,"column":47}},"34":{"start":{"line":346,"column":19},"end":{"line":346,"column":29}},"35":{"start":{"line":347,"column":17},"end":{"line":347,"column":44}},"36":{"start":{"line":348,"column":4},"end":{"line":348,"column":55}},"37":{"start":{"line":402,"column":0},"end":{"line":413,"column":3}},"38":{"start":{"line":403,"column":2},"end":{"line":412,"column":3}},"39":{"start":{"line":404,"column":4},"end":{"line":406,"column":5}},"40":{"start":{"line":405,"column":6},"end":{"line":405,"column":41}},"41":{"start":{"line":407,"column":19},"end":{"line":407,"column":30}},"42":{"start":{"line":408,"column":19},"end":{"line":408,"column":58}},"43":{"start":{"line":409,"column":4},"end":{"line":409,"column":57}},"44":{"start":{"line":411,"column":4},"end":{"line":411,"column":16}}},"fnMap":{"0":{"name":"(anonymous_0)","decl":{"start":{"line":77,"column":2},"end":{"line":77,"column":3}},"loc":{"start":{"line":77,"column":28},"end":{"line":92,"column":3}},"line":77},"1":{"name":"(anonymous_1)","decl":{"start":{"line":123,"column":14},"end":{"line":123,"column":15}},"loc":{"start":{"line":123,"column":31},"end":{"line":128,"column":7}},"line":123},"2":{"name":"(anonymous_2)","decl":{"start":{"line":131,"column":2},"end":{"line":131,"column":3}},"loc":{"start":{"line":131,"column":28},"end":{"line":135,"column":3}},"line":131},"3":{"name":"(anonymous_3)","decl":{"start":{"line":260,"column":25},"end":{"line":260,"column":26}},"loc":{"start":{"line":260,"column":51},"end":{"line":273,"column":1}},"line":260},"4":{"name":"(anonymous_4)","decl":{"start":{"line":337,"column":14},"end":{"line":337,"column":15}},"loc":{"start":{"line":337,"column":31},"end":{"line":342,"column":7}},"line":337},"5":{"name":"(anonymous_5)","decl":{"start":{"line":345,"column":2},"end":{"line":345,"column":3}},"loc":{"start":{"line":345,"column":28},"end":{"line":349,"column":3}},"line":345},"6":{"name":"(anonymous_6)","decl":{"start":{"line":402,"column":32},"end":{"line":402,"column":33}},"loc":{"start":{"line":402,"column":58},"end":{"line":413,"column":1}},"line":402}},"branchMap":{"0":{"loc":{"start":{"line":79,"column":6},"end":{"line":81,"column":7}},"type":"if","locations":[{"start":{"line":79,"column":6},"end":{"line":81,"column":7}},{"start":{},"end":{}}],"line":79},"1":{"loc":{"start":{"line":84,"column":6},"end":{"line":86,"column":7}},"type":"if","locations":[{"start":{"line":84,"column":6},"end":{"line":86,"column":7}},{"start":{},"end":{}}],"line":84},"2":{"loc":{"start":{"line":125,"column":8},"end":{"line":127,"column":9}},"type":"if","locations":[{"start":{"line":125,"column":8},"end":{"line":127,"column":9}},{"start":{},"end":{}}],"line":125},"3":{"loc":{"start":{"line":261,"column":2},"end":{"line":263,"column":3}},"type":"if","locations":[{"start":{"line":261,"column":2},"end":{"line":263,"column":3}},{"start":{},"end":{}}],"line":261},"4":{"loc":{"start":{"line":267,"column":2},"end":{"line":270,"column":3}},"type":"if","locations":[{"start":{"line":267,"column":2},"end":{"line":270,"column":3}},{"start":{},"end":{}}],"line":267},"5":{"loc":{"start":{"line":339,"column":8},"end":{"line":341,"column":9}},"type":"if","locations":[{"start":{"line":339,"column":8},"end":{"line":341,"column":9}},{"start":{},"end":{}}],"line":339},"6":{"loc":{"start":{"line":404,"column":4},"end":{"line":406,"column":5}},"type":"if","locations":[{"start":{"line":404,"column":4},"end":{"line":406,"column":5}},{"start":{},"end":{}}],"line":404}},"s":{"0":2,"1":2,"2":2,"3":2,"4":1,"5":1,"6":1,"7":1,"8":1,"9":1,"10":1,"11":1,"12":2,"13":2,"14":2,"15":1,"16":1,"17":1,"18":1,"19":2,"20":2,"21":1,"22":1,"23":1,"24":1,"25":1,"26":0,"27":0,"28":1,"29":1,"30":2,"31":2,"32":2,"33":1,"34":1,"35":1,"36":1,"37":2,"38":2,"39":2,"40":1,"41":1,"42":1,"43":1,"44":1},"f":{"0":2,"1":2,"2":1,"3":2,"4":2,"5":1,"6":2},"b":{"0":[1,1],"1":[1,0],"2":[1,1],"3":[1,1],"4":[0,1],"5":[1,1],"6":[1,1]},"_coverageSchema":"1a1c01bbd47fc00a2c39e90264f33305004495a9","hash":"7d2148f3b82c3575267a8e7e90337805fb289844"}
,"C:\\Users\\SGC\\Desktop\\TeamProject\\ai-project\\back\\src\\routers\\emotionRouter.js": {"path":"C:\\Users\\SGC\\Desktop\\TeamProject\\ai-project\\back\\src\\routers\\emotionRouter.js","statementMap":{"0":{"start":{"line":6,"column":22},"end":{"line":6,"column":30}},"1":{"start":{"line":14,"column":0},"end":{"line":39,"column":2}},"2":{"start":{"line":22,"column":4},"end":{"line":37,"column":5}},"3":{"start":{"line":23,"column":6},"end":{"line":25,"column":7}},"4":{"start":{"line":24,"column":8},"end":{"line":24,"column":43}},"5":{"start":{"line":26,"column":21},"end":{"line":26,"column":32}},"6":{"start":{"line":27,"column":35},"end":{"line":27,"column":43}},"7":{"start":{"line":28,"column":19},"end":{"line":32,"column":7}},"8":{"start":{"line":33,"column":28},"end":{"line":33,"column":61}},"9":{"start":{"line":34,"column":6},"end":{"line":34,"column":71}},"10":{"start":{"line":36,"column":6},"end":{"line":36,"column":18}}},"fnMap":{"0":{"name":"(anonymous_0)","decl":{"start":{"line":21,"column":2},"end":{"line":21,"column":3}},"loc":{"start":{"line":21,"column":28},"end":{"line":38,"column":3}},"line":21}},"branchMap":{"0":{"loc":{"start":{"line":23,"column":6},"end":{"line":25,"column":7}},"type":"if","locations":[{"start":{"line":23,"column":6},"end":{"line":25,"column":7}},{"start":{},"end":{}}],"line":23}},"s":{"0":2,"1":2,"2":2,"3":2,"4":1,"5":1,"6":1,"7":1,"8":1,"9":1,"10":1},"f":{"0":2},"b":{"0":[1,1]},"_coverageSchema":"1a1c01bbd47fc00a2c39e90264f33305004495a9","hash":"7f39da474fad4d261b4acf556d4615c918096940"}
,"C:\\Users\\SGC\\Desktop\\TeamProject\\ai-project\\back\\src\\routers\\loginRouter.js": {"path":"C:\\Users\\SGC\\Desktop\\TeamProject\\ai-project\\back\\src\\routers\\loginRouter.js","statementMap":{"0":{"start":{"line":3,"column":20},"end":{"line":3,"column":28}},"1":{"start":{"line":5,"column":0},"end":{"line":14,"column":2}},"2":{"start":{"line":12,"column":4},"end":{"line":12,"column":21}},"3":{"start":{"line":16,"column":0},"end":{"line":21,"column":2}},"4":{"start":{"line":19,"column":4},"end":{"line":19,"column":21}},"5":{"start":{"line":23,"column":0},"end":{"line":25,"column":3}},"6":{"start":{"line":24,"column":2},"end":{"line":24,"column":19}},"7":{"start":{"line":27,"column":0},"end":{"line":29,"column":3}},"8":{"start":{"line":28,"column":2},"end":{"line":28,"column":19}}},"fnMap":{"0":{"name":"(anonymous_0)","decl":{"start":{"line":11,"column":2},"end":{"line":11,"column":3}},"loc":{"start":{"line":11,"column":11},"end":{"line":13,"column":3}},"line":11},"1":{"name":"(anonymous_1)","decl":{"start":{"line":18,"column":56},"end":{"line":18,"column":57}},"loc":{"start":{"line":18,"column":65},"end":{"line":20,"column":3}},"line":18},"2":{"name":"(anonymous_2)","decl":{"start":{"line":23,"column":58},"end":{"line":23,"column":59}},"loc":{"start":{"line":23,"column":67},"end":{"line":25,"column":1}},"line":23},"3":{"name":"(anonymous_3)","decl":{"start":{"line":27,"column":58},"end":{"line":27,"column":59}},"loc":{"start":{"line":27,"column":67},"end":{"line":29,"column":1}},"line":27}},"branchMap":{},"s":{"0":2,"1":2,"2":0,"3":2,"4":0,"5":2,"6":0,"7":2,"8":0},"f":{"0":0,"1":0,"2":0,"3":0},"b":{},"_coverageSchema":"1a1c01bbd47fc00a2c39e90264f33305004495a9","hash":"547fc9be86748f8da4e98a270199a0f2b854363f"}
,"C:\\Users\\SGC\\Desktop\\TeamProject\\ai-project\\back\\src\\routers\\uploadRouter.js": {"path":"C:\\Users\\SGC\\Desktop\\TeamProject\\ai-project\\back\\src\\routers\\uploadRouter.js","statementMap":{"0":{"start":{"line":5,"column":21},"end":{"line":5,"column":29}},"1":{"start":{"line":45,"column":0},"end":{"line":56,"column":3}},"2":{"start":{"line":46,"column":19},"end":{"line":46,"column":29}},"3":{"start":{"line":47,"column":19},"end":{"line":47,"column":36}},"4":{"start":{"line":48,"column":14},"end":{"line":48,"column":44}},"5":{"start":{"line":49,"column":19},"end":{"line":49,"column":94}},"6":{"start":{"line":50,"column":15},"end":{"line":54,"column":3}},"7":{"start":{"line":55,"column":2},"end":{"line":55,"column":29}},"8":{"start":{"line":58,"column":0},"end":{"line":75,"column":3}},"9":{"start":{"line":59,"column":2},"end":{"line":73,"column":3}},"10":{"start":{"line":60,"column":21},"end":{"line":60,"column":31}},"11":{"start":{"line":61,"column":4},"end":{"line":70,"column":6}},"12":{"start":{"line":67,"column":8},"end":{"line":68,"column":31}},"13":{"start":{"line":67,"column":17},"end":{"line":67,"column":34}},"14":{"start":{"line":68,"column":13},"end":{"line":68,"column":31}},"15":{"start":{"line":72,"column":4},"end":{"line":72,"column":16}},"16":{"start":{"line":74,"column":2},"end":{"line":74,"column":17}}},"fnMap":{"0":{"name":"(anonymous_0)","decl":{"start":{"line":45,"column":27},"end":{"line":45,"column":28}},"loc":{"start":{"line":45,"column":47},"end":{"line":56,"column":1}},"line":45},"1":{"name":"(anonymous_1)","decl":{"start":{"line":58,"column":30},"end":{"line":58,"column":31}},"loc":{"start":{"line":58,"column":56},"end":{"line":75,"column":1}},"line":58},"2":{"name":"(anonymous_2)","decl":{"start":{"line":66,"column":6},"end":{"line":66,"column":7}},"loc":{"start":{"line":66,"column":21},"end":{"line":69,"column":7}},"line":66}},"branchMap":{"0":{"loc":{"start":{"line":67,"column":8},"end":{"line":68,"column":31}},"type":"if","locations":[{"start":{"line":67,"column":8},"end":{"line":68,"column":31}},{"start":{"line":68,"column":13},"end":{"line":68,"column":31}}],"line":67}},"s":{"0":2,"1":2,"2":1,"3":1,"4":1,"5":1,"6":1,"7":1,"8":2,"9":0,"10":0,"11":0,"12":0,"13":0,"14":0,"15":0,"16":0},"f":{"0":1,"1":0,"2":0},"b":{"0":[0,0]},"_coverageSchema":"1a1c01bbd47fc00a2c39e90264f33305004495a9","hash":"589f3e999d23f2ec987e887e0d5f1fe31e22b31e"}
,"C:\\Users\\SGC\\Desktop\\TeamProject\\ai-project\\back\\src\\routers\\userRouter.js": {"path":"C:\\Users\\SGC\\Desktop\\TeamProject\\ai-project\\back\\src\\routers\\userRouter.js","statementMap":{"0":{"start":{"line":4,"column":19},"end":{"line":4,"column":27}},"1":{"start":{"line":5,"column":0},"end":{"line":15,"column":2}},"2":{"start":{"line":9,"column":4},"end":{"line":13,"column":5}},"3":{"start":{"line":10,"column":6},"end":{"line":10,"column":32}},"4":{"start":{"line":12,"column":6},"end":{"line":12,"column":35}},"5":{"start":{"line":17,"column":0},"end":{"line":23,"column":3}},"6":{"start":{"line":18,"column":2},"end":{"line":22,"column":3}},"7":{"start":{"line":19,"column":4},"end":{"line":19,"column":30}},"8":{"start":{"line":21,"column":4},"end":{"line":21,"column":33}},"9":{"start":{"line":25,"column":0},"end":{"line":31,"column":3}},"10":{"start":{"line":26,"column":2},"end":{"line":30,"column":3}},"11":{"start":{"line":27,"column":4},"end":{"line":27,"column":30}},"12":{"start":{"line":29,"column":4},"end":{"line":29,"column":33}},"13":{"start":{"line":33,"column":0},"end":{"line":40,"column":3}},"14":{"start":{"line":34,"column":2},"end":{"line":34,"column":33}},"15":{"start":{"line":35,"column":2},"end":{"line":39,"column":3}},"16":{"start":{"line":36,"column":4},"end":{"line":36,"column":31}},"17":{"start":{"line":38,"column":4},"end":{"line":38,"column":33}},"18":{"start":{"line":44,"column":0},"end":{"line":52,"column":3}},"19":{"start":{"line":45,"column":2},"end":{"line":51,"column":3}},"20":{"start":{"line":46,"column":4},"end":{"line":48,"column":7}},"21":{"start":{"line":47,"column":6},"end":{"line":47,"column":21}},"22":{"start":{"line":50,"column":4},"end":{"line":50,"column":33}},"23":{"start":{"line":57,"column":0},"end":{"line":63,"column":3}},"24":{"start":{"line":58,"column":2},"end":{"line":62,"column":3}},"25":{"start":{"line":59,"column":4},"end":{"line":59,"column":19}},"26":{"start":{"line":61,"column":4},"end":{"line":61,"column":20}},"27":{"start":{"line":66,"column":0},"end":{"line":68,"column":3}},"28":{"start":{"line":67,"column":2},"end":{"line":67,"column":18}},"29":{"start":{"line":71,"column":0},"end":{"line":80,"column":3}},"30":{"start":{"line":72,"column":24},"end":{"line":72,"column":32}},"31":{"start":{"line":73,"column":17},"end":{"line":73,"column":24}},"32":{"start":{"line":74,"column":17},"end":{"line":74,"column":61}},"33":{"start":{"line":75,"column":2},"end":{"line":79,"column":3}},"34":{"start":{"line":76,"column":4},"end":{"line":76,"column":20}},"35":{"start":{"line":78,"column":4},"end":{"line":78,"column":19}},"36":{"start":{"line":83,"column":0},"end":{"line":92,"column":3}},"37":{"start":{"line":84,"column":20},"end":{"line":84,"column":34}},"38":{"start":{"line":85,"column":17},"end":{"line":85,"column":24}},"39":{"start":{"line":86,"column":17},"end":{"line":86,"column":55}},"40":{"start":{"line":87,"column":2},"end":{"line":91,"column":3}},"41":{"start":{"line":88,"column":4},"end":{"line":88,"column":19}},"42":{"start":{"line":90,"column":4},"end":{"line":90,"column":20}}},"fnMap":{"0":{"name":"(anonymous_0)","decl":{"start":{"line":8,"column":2},"end":{"line":8,"column":3}},"loc":{"start":{"line":8,"column":16},"end":{"line":14,"column":3}},"line":8},"1":{"name":"(anonymous_1)","decl":{"start":{"line":17,"column":65},"end":{"line":17,"column":66}},"loc":{"start":{"line":17,"column":79},"end":{"line":23,"column":1}},"line":17},"2":{"name":"(anonymous_2)","decl":{"start":{"line":25,"column":65},"end":{"line":25,"column":66}},"loc":{"start":{"line":25,"column":79},"end":{"line":31,"column":1}},"line":25},"3":{"name":"(anonymous_3)","decl":{"start":{"line":33,"column":33},"end":{"line":33,"column":34}},"loc":{"start":{"line":33,"column":47},"end":{"line":40,"column":1}},"line":33},"4":{"name":"(anonymous_4)","decl":{"start":{"line":44,"column":26},"end":{"line":44,"column":27}},"loc":{"start":{"line":44,"column":40},"end":{"line":52,"column":1}},"line":44},"5":{"name":"(anonymous_5)","decl":{"start":{"line":46,"column":15},"end":{"line":46,"column":16}},"loc":{"start":{"line":46,"column":24},"end":{"line":48,"column":5}},"line":46},"6":{"name":"(anonymous_6)","decl":{"start":{"line":57,"column":24},"end":{"line":57,"column":25}},"loc":{"start":{"line":57,"column":38},"end":{"line":63,"column":1}},"line":57},"7":{"name":"(anonymous_7)","decl":{"start":{"line":66,"column":26},"end":{"line":66,"column":27}},"loc":{"start":{"line":66,"column":40},"end":{"line":68,"column":1}},"line":66},"8":{"name":"(anonymous_8)","decl":{"start":{"line":71,"column":27},"end":{"line":71,"column":28}},"loc":{"start":{"line":71,"column":47},"end":{"line":80,"column":1}},"line":71},"9":{"name":"(anonymous_9)","decl":{"start":{"line":83,"column":33},"end":{"line":83,"column":34}},"loc":{"start":{"line":83,"column":53},"end":{"line":92,"column":1}},"line":83}},"branchMap":{"0":{"loc":{"start":{"line":9,"column":4},"end":{"line":13,"column":5}},"type":"if","locations":[{"start":{"line":9,"column":4},"end":{"line":13,"column":5}},{"start":{"line":11,"column":11},"end":{"line":13,"column":5}}],"line":9},"1":{"loc":{"start":{"line":18,"column":2},"end":{"line":22,"column":3}},"type":"if","locations":[{"start":{"line":18,"column":2},"end":{"line":22,"column":3}},{"start":{"line":20,"column":9},"end":{"line":22,"column":3}}],"line":18},"2":{"loc":{"start":{"line":26,"column":2},"end":{"line":30,"column":3}},"type":"if","locations":[{"start":{"line":26,"column":2},"end":{"line":30,"column":3}},{"start":{"line":28,"column":9},"end":{"line":30,"column":3}}],"line":26},"3":{"loc":{"start":{"line":35,"column":2},"end":{"line":39,"column":3}},"type":"if","locations":[{"start":{"line":35,"column":2},"end":{"line":39,"column":3}},{"start":{"line":37,"column":9},"end":{"line":39,"column":3}}],"line":35},"4":{"loc":{"start":{"line":45,"column":2},"end":{"line":51,"column":3}},"type":"if","locations":[{"start":{"line":45,"column":2},"end":{"line":51,"column":3}},{"start":{"line":49,"column":9},"end":{"line":51,"column":3}}],"line":45},"5":{"loc":{"start":{"line":58,"column":2},"end":{"line":62,"column":3}},"type":"if","locations":[{"start":{"line":58,"column":2},"end":{"line":62,"column":3}},{"start":{"line":60,"column":9},"end":{"line":62,"column":3}}],"line":58},"6":{"loc":{"start":{"line":75,"column":2},"end":{"line":79,"column":3}},"type":"if","locations":[{"start":{"line":75,"column":2},"end":{"line":79,"column":3}},{"start":{"line":77,"column":9},"end":{"line":79,"column":3}}],"line":75},"7":{"loc":{"start":{"line":87,"column":2},"end":{"line":91,"column":3}},"type":"if","locations":[{"start":{"line":87,"column":2},"end":{"line":91,"column":3}},{"start":{"line":89,"column":9},"end":{"line":91,"column":3}}],"line":87}},"s":{"0":2,"1":2,"2":0,"3":0,"4":0,"5":2,"6":0,"7":0,"8":0,"9":2,"10":0,"11":0,"12":0,"13":2,"14":0,"15":0,"16":0,"17":0,"18":2,"19":0,"20":0,"21":0,"22":0,"23":2,"24":0,"25":0,"26":0,"27":2,"28":0,"29":2,"30":0,"31":0,"32":0,"33":0,"34":0,"35":0,"36":2,"37":0,"38":0,"39":0,"40":0,"41":0,"42":0},"f":{"0":0,"1":0,"2":0,"3":0,"4":0,"5":0,"6":0,"7":0,"8":0,"9":0},"b":{"0":[0,0],"1":[0,0],"2":[0,0],"3":[0,0],"4":[0,0],"5":[0,0],"6":[0,0],"7":[0,0]},"_coverageSchema":"1a1c01bbd47fc00a2c39e90264f33305004495a9","hash":"820c3d8fd503b3c47796f4df41a76b07446455e6"}
,"C:\\Users\\SGC\\Desktop\\TeamProject\\ai-project\\back\\src\\services\\diaryService.js": {"path":"C:\\Users\\SGC\\Desktop\\TeamProject\\ai-project\\back\\src\\services\\diaryService.js","statementMap":{"0":{"start":{"line":14,"column":21},"end":{"line":19,"column":5}},"1":{"start":{"line":20,"column":17},"end":{"line":20,"column":45}},"2":{"start":{"line":21,"column":4},"end":{"line":21,"column":16}},"3":{"start":{"line":28,"column":17},"end":{"line":28,"column":39}},"4":{"start":{"line":29,"column":4},"end":{"line":29,"column":16}},"5":{"start":{"line":37,"column":17},"end":{"line":37,"column":37}},"6":{"start":{"line":38,"column":4},"end":{"line":38,"column":16}},"7":{"start":{"line":47,"column":17},"end":{"line":47,"column":45}},"8":{"start":{"line":48,"column":4},"end":{"line":48,"column":22}},"9":{"start":{"line":49,"column":4},"end":{"line":49,"column":52}},"10":{"start":{"line":50,"column":4},"end":{"line":50,"column":16}},"11":{"start":{"line":60,"column":17},"end":{"line":60,"column":59}},"12":{"start":{"line":61,"column":4},"end":{"line":61,"column":52}},"13":{"start":{"line":62,"column":4},"end":{"line":62,"column":16}},"14":{"start":{"line":69,"column":18},"end":{"line":69,"column":38}},"15":{"start":{"line":70,"column":4},"end":{"line":70,"column":17}},"16":{"start":{"line":78,"column":22},"end":{"line":78,"column":56}},"17":{"start":{"line":79,"column":4},"end":{"line":79,"column":21}},"18":{"start":{"line":86,"column":18},"end":{"line":86,"column":43}},"19":{"start":{"line":87,"column":4},"end":{"line":87,"column":17}},"20":{"start":{"line":95,"column":19},"end":{"line":95,"column":51}},"21":{"start":{"line":96,"column":4},"end":{"line":96,"column":18}}},"fnMap":{"0":{"name":"(anonymous_0)","decl":{"start":{"line":13,"column":2},"end":{"line":13,"column":3}},"loc":{"start":{"line":13,"column":52},"end":{"line":22,"column":3}},"line":13},"1":{"name":"(anonymous_1)","decl":{"start":{"line":27,"column":2},"end":{"line":27,"column":3}},"loc":{"start":{"line":27,"column":26},"end":{"line":30,"column":3}},"line":27},"2":{"name":"(anonymous_2)","decl":{"start":{"line":36,"column":2},"end":{"line":36,"column":3}},"loc":{"start":{"line":36,"column":24},"end":{"line":39,"column":3}},"line":36},"3":{"name":"(anonymous_3)","decl":{"start":{"line":46,"column":2},"end":{"line":46,"column":3}},"loc":{"start":{"line":46,"column":32},"end":{"line":51,"column":3}},"line":46},"4":{"name":"(anonymous_4)","decl":{"start":{"line":59,"column":2},"end":{"line":59,"column":3}},"loc":{"start":{"line":59,"column":46},"end":{"line":63,"column":3}},"line":59},"5":{"name":"(anonymous_5)","decl":{"start":{"line":68,"column":2},"end":{"line":68,"column":3}},"loc":{"start":{"line":68,"column":24},"end":{"line":71,"column":3}},"line":68},"6":{"name":"(anonymous_6)","decl":{"start":{"line":77,"column":2},"end":{"line":77,"column":3}},"loc":{"start":{"line":77,"column":38},"end":{"line":80,"column":3}},"line":77},"7":{"name":"(anonymous_7)","decl":{"start":{"line":85,"column":2},"end":{"line":85,"column":3}},"loc":{"start":{"line":85,"column":29},"end":{"line":88,"column":3}},"line":85},"8":{"name":"(anonymous_8)","decl":{"start":{"line":94,"column":2},"end":{"line":94,"column":3}},"loc":{"start":{"line":94,"column":36},"end":{"line":97,"column":3}},"line":94}},"branchMap":{},"s":{"0":1,"1":1,"2":1,"3":1,"4":1,"5":2,"6":2,"7":1,"8":1,"9":1,"10":1,"11":0,"12":0,"13":0,"14":4,"15":4,"16":1,"17":1,"18":1,"19":1,"20":1,"21":1},"f":{"0":1,"1":1,"2":2,"3":1,"4":0,"5":4,"6":1,"7":1,"8":1},"b":{},"_coverageSchema":"1a1c01bbd47fc00a2c39e90264f33305004495a9","hash":"54af64258c106816932b37a6dee853acc773cb9f"}
,"C:\\Users\\SGC\\Desktop\\TeamProject\\ai-project\\back\\src\\services\\emotionService.js": {"path":"C:\\Users\\SGC\\Desktop\\TeamProject\\ai-project\\back\\src\\services\\emotionService.js","statementMap":{"0":{"start":{"line":5,"column":17},"end":{"line":9,"column":5}},"1":{"start":{"line":10,"column":19},"end":{"line":10,"column":45}},"2":{"start":{"line":11,"column":4},"end":{"line":11,"column":18}}},"fnMap":{"0":{"name":"(anonymous_0)","decl":{"start":{"line":4,"column":2},"end":{"line":4,"column":3}},"loc":{"start":{"line":4,"column":52},"end":{"line":12,"column":3}},"line":4}},"branchMap":{},"s":{"0":1,"1":1,"2":1},"f":{"0":1},"b":{},"_coverageSchema":"1a1c01bbd47fc00a2c39e90264f33305004495a9","hash":"bff8e9dee93be2bd1038799556b67d0d28dc1875"}
,"C:\\Users\\SGC\\Desktop\\TeamProject\\ai-project\\back\\src\\utils\\preSign.js": {"path":"C:\\Users\\SGC\\Desktop\\TeamProject\\ai-project\\back\\src\\utils\\preSign.js","statementMap":{"0":{"start":{"line":3,"column":0},"end":{"line":8,"column":3}},"1":{"start":{"line":10,"column":11},"end":{"line":10,"column":23}},"2":{"start":{"line":11,"column":17},"end":{"line":11,"column":40}},"3":{"start":{"line":12,"column":31},"end":{"line":12,"column":37}},"4":{"start":{"line":15,"column":14},"end":{"line":20,"column":4}},"5":{"start":{"line":21,"column":2},"end":{"line":21,"column":13}}},"fnMap":{"0":{"name":"createUrl","decl":{"start":{"line":14,"column":24},"end":{"line":14,"column":33}},"loc":{"start":{"line":14,"column":44},"end":{"line":22,"column":1}},"line":14}},"branchMap":{},"s":{"0":2,"1":2,"2":2,"3":2,"4":1,"5":1},"f":{"0":1},"b":{},"_coverageSchema":"1a1c01bbd47fc00a2c39e90264f33305004495a9","hash":"c822eb8ba4a26da9b55f13e400a39b75876fa6e9"}
,"C:\\Users\\SGC\\Desktop\\TeamProject\\ai-project\\back\\src\\utils\\status.js": {"path":"C:\\Users\\SGC\\Desktop\\TeamProject\\ai-project\\back\\src\\utils\\status.js","statementMap":{"0":{"start":{"line":13,"column":29},"end":{"line":13,"column":32}},"1":{"start":{"line":19,"column":34},"end":{"line":19,"column":37}},"2":{"start":{"line":21,"column":38},"end":{"line":21,"column":41}},"3":{"start":{"line":27,"column":37},"end":{"line":27,"column":40}},"4":{"start":{"line":33,"column":39},"end":{"line":33,"column":42}},"5":{"start":{"line":40,"column":36},"end":{"line":40,"column":39}},"6":{"start":{"line":49,"column":35},"end":{"line":49,"column":38}},"7":{"start":{"line":55,"column":43},"end":{"line":55,"column":46}},"8":{"start":{"line":59,"column":46},"end":{"line":59,"column":49}},"9":{"start":{"line":65,"column":41},"end":{"line":65,"column":44}}},"fnMap":{},"branchMap":{},"s":{"0":2,"1":2,"2":2,"3":2,"4":2,"5":2,"6":2,"7":2,"8":2,"9":2},"f":{},"b":{},"_coverageSchema":"1a1c01bbd47fc00a2c39e90264f33305004495a9","hash":"4d7df0452edb8db7c97eb8675112ec2302ba96e4"}
}
