{"C:\\Users\\SGC\\Desktop\\TeamProject\\ai-project\\back\\src\\app.js": {"path":"C:\\Users\\SGC\\Desktop\\TeamProject\\ai-project\\back\\src\\app.js","statementMap":{"0":{"start":{"line":25,"column":0},"end":{"line":25,"column":28}},"1":{"start":{"line":26,"column":19},"end":{"line":26,"column":28}},"2":{"start":{"line":28,"column":0},"end":{"line":36,"column":3}},"3":{"start":{"line":38,"column":23},"end":{"line":38,"column":46}},"4":{"start":{"line":40,"column":0},"end":{"line":51,"column":1}},"5":{"start":{"line":41,"column":21},"end":{"line":41,"column":42}},"6":{"start":{"line":42,"column":16},"end":{"line":48,"column":3}},"7":{"start":{"line":49,"column":19},"end":{"line":49,"column":50}},"8":{"start":{"line":50,"column":21},"end":{"line":50,"column":56}},"9":{"start":{"line":52,"column":16},"end":{"line":56,"column":2}},"10":{"start":{"line":58,"column":0},"end":{"line":58,"column":18}},"11":{"start":{"line":59,"column":0},"end":{"line":64,"column":2}},"12":{"start":{"line":65,"column":0},"end":{"line":65,"column":17}},"13":{"start":{"line":66,"column":0},"end":{"line":66,"column":24}},"14":{"start":{"line":67,"column":0},"end":{"line":67,"column":49}},"15":{"start":{"line":68,"column":0},"end":{"line":68,"column":23}},"16":{"start":{"line":71,"column":0},"end":{"line":79,"column":2}},"17":{"start":{"line":80,"column":0},"end":{"line":80,"column":21}},"18":{"start":{"line":81,"column":0},"end":{"line":81,"column":31}},"19":{"start":{"line":82,"column":0},"end":{"line":82,"column":28}},"20":{"start":{"line":85,"column":0},"end":{"line":95,"column":1}},"21":{"start":{"line":86,"column":2},"end":{"line":92,"column":4}},"22":{"start":{"line":89,"column":8},"end":{"line":89,"column":36}},"23":{"start":{"line":94,"column":2},"end":{"line":94,"column":25}},"24":{"start":{"line":97,"column":0},"end":{"line":97,"column":42}},"25":{"start":{"line":98,"column":0},"end":{"line":98,"column":42}},"26":{"start":{"line":99,"column":0},"end":{"line":103,"column":2}},"27":{"start":{"line":104,"column":0},"end":{"line":104,"column":31}},"28":{"start":{"line":105,"column":0},"end":{"line":105,"column":29}},"29":{"start":{"line":106,"column":0},"end":{"line":106,"column":31}},"30":{"start":{"line":107,"column":0},"end":{"line":107,"column":37}},"31":{"start":{"line":108,"column":0},"end":{"line":108,"column":33}},"32":{"start":{"line":109,"column":0},"end":{"line":111,"column":3}},"33":{"start":{"line":110,"column":2},"end":{"line":110,"column":43}},"34":{"start":{"line":112,"column":0},"end":{"line":121,"column":2}},"35":{"start":{"line":115,"column":6},"end":{"line":117,"column":7}},"36":{"start":{"line":116,"column":8},"end":{"line":116,"column":20}},"37":{"start":{"line":118,"column":6},"end":{"line":118,"column":19}},"38":{"start":{"line":122,"column":0},"end":{"line":122,"column":25}}},"fnMap":{"0":{"name":"(anonymous_0)","decl":{"start":{"line":88,"column":12},"end":{"line":88,"column":13}},"loc":{"start":{"line":88,"column":32},"end":{"line":90,"column":7}},"line":88},"1":{"name":"(anonymous_1)","decl":{"start":{"line":109,"column":8},"end":{"line":109,"column":9}},"loc":{"start":{"line":109,"column":34},"end":{"line":111,"column":1}},"line":109},"2":{"name":"(anonymous_2)","decl":{"start":{"line":114,"column":4},"end":{"line":114,"column":5}},"loc":{"start":{"line":114,"column":29},"end":{"line":119,"column":5}},"line":114}},"branchMap":{"0":{"loc":{"start":{"line":40,"column":0},"end":{"line":51,"column":1}},"type":"if","locations":[{"start":{"line":40,"column":0},"end":{"line":51,"column":1}},{"start":{},"end":{}}],"line":40},"1":{"loc":{"start":{"line":85,"column":0},"end":{"line":95,"column":1}},"type":"if","locations":[{"start":{"line":85,"column":0},"end":{"line":95,"column":1}},{"start":{"line":93,"column":7},"end":{"line":95,"column":1}}],"line":85},"2":{"loc":{"start":{"line":115,"column":6},"end":{"line":117,"column":7}},"type":"if","locations":[{"start":{"line":115,"column":6},"end":{"line":117,"column":7}},{"start":{},"end":{}}],"line":115}},"s":{"0":1,"1":1,"2":1,"3":1,"4":1,"5":0,"6":0,"7":0,"8":0,"9":1,"10":1,"11":1,"12":1,"13":1,"14":1,"15":1,"16":1,"17":1,"18":1,"19":1,"20":1,"21":0,"22":0,"23":1,"24":1,"25":1,"26":1,"27":1,"28":1,"29":1,"30":1,"31":1,"32":1,"33":0,"34":1,"35":3,"36":0,"37":3,"38":1},"f":{"0":0,"1":0,"2":3},"b":{"0":[0,1],"1":[0,1],"2":[0,3]},"_coverageSchema":"1a1c01bbd47fc00a2c39e90264f33305004495a9","hash":"07886387bfb9606e7a9671f3f12708ebdb2d7ef1"}
,"C:\\Users\\SGC\\Desktop\\TeamProject\\ai-project\\back\\src\\config\\env.js": {"path":"C:\\Users\\SGC\\Desktop\\TeamProject\\ai-project\\back\\src\\config\\env.js","statementMap":{"0":{"start":{"line":2,"column":0},"end":{"line":2,"column":16}}},"fnMap":{},"branchMap":{},"s":{"0":1},"f":{},"b":{},"_coverageSchema":"1a1c01bbd47fc00a2c39e90264f33305004495a9","hash":"5ee841f31bed7ec12dfd3f8339c23a7103ebe1ae"}
,"C:\\Users\\SGC\\Desktop\\TeamProject\\ai-project\\back\\src\\config\\s3.js": {"path":"C:\\Users\\SGC\\Desktop\\TeamProject\\ai-project\\back\\src\\config\\s3.js","statementMap":{"0":{"start":{"line":3,"column":11},"end":{"line":3,"column":23}}},"fnMap":{},"branchMap":{},"s":{"0":1},"f":{},"b":{},"_coverageSchema":"1a1c01bbd47fc00a2c39e90264f33305004495a9","hash":"e47a89f9e2ab6e4821a1cde058d62a39aad93cd4"}
,"C:\\Users\\SGC\\Desktop\\TeamProject\\ai-project\\back\\src\\config\\swaggerDoc.js": {"path":"C:\\Users\\SGC\\Desktop\\TeamProject\\ai-project\\back\\src\\config\\swaggerDoc.js","statementMap":{"0":{"start":{"line":4,"column":18},"end":{"line":4,"column":32}},"1":{"start":{"line":6,"column":16},"end":{"line":30,"column":1}},"2":{"start":{"line":32,"column":21},"end":{"line":32,"column":42}}},"fnMap":{},"branchMap":{},"s":{"0":1,"1":1,"2":1},"f":{},"b":{},"_coverageSchema":"1a1c01bbd47fc00a2c39e90264f33305004495a9","hash":"70d01d5e77d632c95aa4f2418da08a12dfe90fa9"}
,"C:\\Users\\SGC\\Desktop\\TeamProject\\ai-project\\back\\src\\db\\index.js": {"path":"C:\\Users\\SGC\\Desktop\\TeamProject\\ai-project\\back\\src\\db\\index.js","statementMap":{},"fnMap":{},"branchMap":{},"s":{},"f":{},"b":{},"_coverageSchema":"1a1c01bbd47fc00a2c39e90264f33305004495a9","hash":"eacdab27f7ad65155651b6b6248dffb0373d06f7"}
,"C:\\Users\\SGC\\Desktop\\TeamProject\\ai-project\\back\\src\\db\\models\\Calendar.js": {"path":"C:\\Users\\SGC\\Desktop\\TeamProject\\ai-project\\back\\src\\db\\models\\Calendar.js","statementMap":{"0":{"start":{"line":3,"column":15},"end":{"line":3,"column":33}}},"fnMap":{},"branchMap":{},"s":{"0":1},"f":{},"b":{},"_coverageSchema":"1a1c01bbd47fc00a2c39e90264f33305004495a9","hash":"812603d8d5a5e41d939b684bcb549863dc51fe4b"}
,"C:\\Users\\SGC\\Desktop\\TeamProject\\ai-project\\back\\src\\db\\models\\Diary.js": {"path":"C:\\Users\\SGC\\Desktop\\TeamProject\\ai-project\\back\\src\\db\\models\\Diary.js","statementMap":{"0":{"start":{"line":2,"column":15},"end":{"line":2,"column":33}},"1":{"start":{"line":11,"column":24},"end":{"line":19,"column":6}},"2":{"start":{"line":20,"column":4},"end":{"line":20,"column":23}},"3":{"start":{"line":29,"column":24},"end":{"line":36,"column":6}},"4":{"start":{"line":37,"column":4},"end":{"line":37,"column":23}},"5":{"start":{"line":46,"column":24},"end":{"line":55,"column":6}},"6":{"start":{"line":56,"column":22},"end":{"line":68,"column":6}},"7":{"start":{"line":69,"column":4},"end":{"line":69,"column":21}},"8":{"start":{"line":78,"column":22},"end":{"line":91,"column":6}},"9":{"start":{"line":92,"column":4},"end":{"line":92,"column":21}},"10":{"start":{"line":101,"column":18},"end":{"line":105,"column":6}},"11":{"start":{"line":106,"column":4},"end":{"line":106,"column":17}},"12":{"start":{"line":114,"column":18},"end":{"line":121,"column":6}},"13":{"start":{"line":122,"column":4},"end":{"line":122,"column":17}},"14":{"start":{"line":130,"column":22},"end":{"line":134,"column":6}},"15":{"start":{"line":135,"column":4},"end":{"line":135,"column":21}},"16":{"start":{"line":144,"column":6},"end":{"line":144,"column":112}},"17":{"start":{"line":145,"column":4},"end":{"line":145,"column":18}}},"fnMap":{"0":{"name":"(anonymous_0)","decl":{"start":{"line":10,"column":2},"end":{"line":10,"column":3}},"loc":{"start":{"line":10,"column":32},"end":{"line":21,"column":3}},"line":10},"1":{"name":"(anonymous_1)","decl":{"start":{"line":28,"column":2},"end":{"line":28,"column":3}},"loc":{"start":{"line":28,"column":26},"end":{"line":38,"column":3}},"line":28},"2":{"name":"(anonymous_2)","decl":{"start":{"line":45,"column":2},"end":{"line":45,"column":3}},"loc":{"start":{"line":45,"column":24},"end":{"line":70,"column":3}},"line":45},"3":{"name":"(anonymous_3)","decl":{"start":{"line":77,"column":2},"end":{"line":77,"column":3}},"loc":{"start":{"line":77,"column":32},"end":{"line":93,"column":3}},"line":77},"4":{"name":"(anonymous_4)","decl":{"start":{"line":100,"column":2},"end":{"line":100,"column":3}},"loc":{"start":{"line":100,"column":24},"end":{"line":107,"column":3}},"line":100},"5":{"name":"(anonymous_5)","decl":{"start":{"line":113,"column":2},"end":{"line":113,"column":3}},"loc":{"start":{"line":113,"column":29},"end":{"line":123,"column":3}},"line":113},"6":{"name":"(anonymous_6)","decl":{"start":{"line":129,"column":2},"end":{"line":129,"column":3}},"loc":{"start":{"line":129,"column":38},"end":{"line":136,"column":3}},"line":129},"7":{"name":"(anonymous_7)","decl":{"start":{"line":142,"column":2},"end":{"line":142,"column":3}},"loc":{"start":{"line":142,"column":36},"end":{"line":146,"column":3}},"line":142}},"branchMap":{},"s":{"0":1,"1":1,"2":1,"3":1,"4":1,"5":2,"6":2,"7":2,"8":1,"9":1,"10":4,"11":4,"12":1,"13":1,"14":1,"15":1,"16":1,"17":1},"f":{"0":1,"1":1,"2":2,"3":1,"4":4,"5":1,"6":1,"7":1},"b":{},"_coverageSchema":"1a1c01bbd47fc00a2c39e90264f33305004495a9","hash":"5bd49b6c52bb862541a0e6e7318fa4800bb90d2a"}
,"C:\\Users\\SGC\\Desktop\\TeamProject\\ai-project\\back\\src\\db\\models\\Emotion.js": {"path":"C:\\Users\\SGC\\Desktop\\TeamProject\\ai-project\\back\\src\\db\\models\\Emotion.js","statementMap":{"0":{"start":{"line":2,"column":15},"end":{"line":2,"column":33}},"1":{"start":{"line":13,"column":26},"end":{"line":17,"column":6}},"2":{"start":{"line":18,"column":4},"end":{"line":18,"column":25}}},"fnMap":{"0":{"name":"(anonymous_0)","decl":{"start":{"line":12,"column":2},"end":{"line":12,"column":3}},"loc":{"start":{"line":12,"column":52},"end":{"line":19,"column":3}},"line":12}},"branchMap":{},"s":{"0":1,"1":0,"2":0},"f":{"0":0},"b":{},"_coverageSchema":"1a1c01bbd47fc00a2c39e90264f33305004495a9","hash":"4b4b065127b0e29a4faca398611f47ef51358459"}
,"C:\\Users\\SGC\\Desktop\\TeamProject\\ai-project\\back\\src\\db\\models\\User.js": {"path":"C:\\Users\\SGC\\Desktop\\TeamProject\\ai-project\\back\\src\\db\\models\\User.js","statementMap":{"0":{"start":{"line":3,"column":15},"end":{"line":3,"column":33}},"1":{"start":{"line":6,"column":19},"end":{"line":11,"column":6}},"2":{"start":{"line":12,"column":4},"end":{"line":14,"column":5}},"3":{"start":{"line":13,"column":6},"end":{"line":13,"column":18}},"4":{"start":{"line":15,"column":24},"end":{"line":21,"column":6}},"5":{"start":{"line":22,"column":4},"end":{"line":22,"column":23}},"6":{"start":{"line":25,"column":4},"end":{"line":42,"column":5}},"7":{"start":{"line":26,"column":24},"end":{"line":32,"column":8}},"8":{"start":{"line":33,"column":6},"end":{"line":33,"column":23}},"9":{"start":{"line":35,"column":24},"end":{"line":40,"column":8}},"10":{"start":{"line":41,"column":6},"end":{"line":41,"column":23}}},"fnMap":{"0":{"name":"(anonymous_0)","decl":{"start":{"line":5,"column":2},"end":{"line":5,"column":3}},"loc":{"start":{"line":5,"column":49},"end":{"line":23,"column":3}},"line":5},"1":{"name":"(anonymous_1)","decl":{"start":{"line":24,"column":2},"end":{"line":24,"column":3}},"loc":{"start":{"line":24,"column":47},"end":{"line":43,"column":3}},"line":24}},"branchMap":{"0":{"loc":{"start":{"line":12,"column":4},"end":{"line":14,"column":5}},"type":"if","locations":[{"start":{"line":12,"column":4},"end":{"line":14,"column":5}},{"start":{},"end":{}}],"line":12},"1":{"loc":{"start":{"line":25,"column":4},"end":{"line":42,"column":5}},"type":"if","locations":[{"start":{"line":25,"column":4},"end":{"line":42,"column":5}},{"start":{"line":34,"column":11},"end":{"line":42,"column":5}}],"line":25}},"s":{"0":1,"1":0,"2":0,"3":0,"4":0,"5":0,"6":1,"7":1,"8":1,"9":0,"10":0},"f":{"0":0,"1":1},"b":{"0":[0,0],"1":[1,0]},"_coverageSchema":"1a1c01bbd47fc00a2c39e90264f33305004495a9","hash":"9ac08e14a9d5d8a8538833777f59e73e1f6993ab"}
,"C:\\Users\\SGC\\Desktop\\TeamProject\\ai-project\\back\\src\\middlewares\\errorMiddleware.js": {"path":"C:\\Users\\SGC\\Desktop\\TeamProject\\ai-project\\back\\src\\middlewares\\errorMiddleware.js","statementMap":{"0":{"start":{"line":6,"column":2},"end":{"line":6,"column":42}},"1":{"start":{"line":7,"column":25},"end":{"line":7,"column":45}},"2":{"start":{"line":8,"column":2},"end":{"line":8,"column":71}},"3":{"start":{"line":9,"column":15},"end":{"line":16,"column":3}},"4":{"start":{"line":17,"column":2},"end":{"line":17,"column":63}}},"fnMap":{"0":{"name":"errorMiddleware","decl":{"start":{"line":4,"column":24},"end":{"line":4,"column":39}},"loc":{"start":{"line":4,"column":63},"end":{"line":18,"column":1}},"line":4}},"branchMap":{"0":{"loc":{"start":{"line":13,"column":12},"end":{"line":13,"column":49}},"type":"binary-expr","locations":[{"start":{"line":13,"column":12},"end":{"line":13,"column":24}},{"start":{"line":13,"column":28},"end":{"line":13,"column":49}}],"line":13},"1":{"loc":{"start":{"line":14,"column":15},"end":{"line":14,"column":46}},"type":"binary-expr","locations":[{"start":{"line":14,"column":15},"end":{"line":14,"column":28}},{"start":{"line":14,"column":32},"end":{"line":14,"column":46}}],"line":14},"2":{"loc":{"start":{"line":17,"column":13},"end":{"line":17,"column":50}},"type":"binary-expr","locations":[{"start":{"line":17,"column":13},"end":{"line":17,"column":25}},{"start":{"line":17,"column":29},"end":{"line":17,"column":50}}],"line":17}},"s":{"0":3,"1":3,"2":3,"3":3,"4":3},"f":{"0":3},"b":{"0":[3,3],"1":[3,0],"2":[3,3]},"_coverageSchema":"1a1c01bbd47fc00a2c39e90264f33305004495a9","hash":"099c0dcf3ae41b16abf12a24915b188a8eb13fbe"}
,"C:\\Users\\SGC\\Desktop\\TeamProject\\ai-project\\back\\src\\middlewares\\validator.js": {"path":"C:\\Users\\SGC\\Desktop\\TeamProject\\ai-project\\back\\src\\middlewares\\validator.js","statementMap":{"0":{"start":{"line":5,"column":24},"end":{"line":19,"column":1}},"1":{"start":{"line":6,"column":17},"end":{"line":6,"column":38}},"2":{"start":{"line":7,"column":2},"end":{"line":9,"column":3}},"3":{"start":{"line":8,"column":4},"end":{"line":8,"column":18}},"4":{"start":{"line":10,"column":2},"end":{"line":10,"column":78}},"5":{"start":{"line":11,"column":2},"end":{"line":18,"column":5}}},"fnMap":{"0":{"name":"(anonymous_0)","decl":{"start":{"line":5,"column":24},"end":{"line":5,"column":25}},"loc":{"start":{"line":5,"column":44},"end":{"line":19,"column":1}},"line":5}},"branchMap":{"0":{"loc":{"start":{"line":7,"column":2},"end":{"line":9,"column":3}},"type":"if","locations":[{"start":{"line":7,"column":2},"end":{"line":9,"column":3}},{"start":{},"end":{}}],"line":7},"1":{"loc":{"start":{"line":11,"column":20},"end":{"line":11,"column":56}},"type":"binary-expr","locations":[{"start":{"line":11,"column":20},"end":{"line":11,"column":31}},{"start":{"line":11,"column":35},"end":{"line":11,"column":56}}],"line":11}},"s":{"0":1,"1":8,"2":8,"3":4,"4":4,"5":4},"f":{"0":8},"b":{"0":[4,4],"1":[4,4]},"_coverageSchema":"1a1c01bbd47fc00a2c39e90264f33305004495a9","hash":"938a957da42fb18938dbd0fc90c408e8ca15305d"}
,"C:\\Users\\SGC\\Desktop\\TeamProject\\ai-project\\back\\src\\passport\\finalStrategy.js": {"path":"C:\\Users\\SGC\\Desktop\\TeamProject\\ai-project\\back\\src\\passport\\finalStrategy.js","statementMap":{"0":{"start":{"line":7,"column":34},"end":{"line":21,"column":1}},"1":{"start":{"line":8,"column":2},"end":{"line":11,"column":5}},"2":{"start":{"line":10,"column":4},"end":{"line":10,"column":21}},"3":{"start":{"line":12,"column":2},"end":{"line":15,"column":5}},"4":{"start":{"line":14,"column":4},"end":{"line":14,"column":21}},"5":{"start":{"line":16,"column":2},"end":{"line":16,"column":18}},"6":{"start":{"line":17,"column":2},"end":{"line":17,"column":19}},"7":{"start":{"line":18,"column":2},"end":{"line":18,"column":18}},"8":{"start":{"line":19,"column":2},"end":{"line":19,"column":18}},"9":{"start":{"line":20,"column":2},"end":{"line":20,"column":18}}},"fnMap":{"0":{"name":"(anonymous_0)","decl":{"start":{"line":7,"column":34},"end":{"line":7,"column":35}},"loc":{"start":{"line":7,"column":40},"end":{"line":21,"column":1}},"line":7},"1":{"name":"(anonymous_1)","decl":{"start":{"line":8,"column":25},"end":{"line":8,"column":26}},"loc":{"start":{"line":8,"column":41},"end":{"line":11,"column":3}},"line":8},"2":{"name":"(anonymous_2)","decl":{"start":{"line":12,"column":27},"end":{"line":12,"column":28}},"loc":{"start":{"line":12,"column":43},"end":{"line":15,"column":3}},"line":12}},"branchMap":{},"s":{"0":1,"1":1,"2":1,"3":1,"4":5,"5":1,"6":1,"7":1,"8":1,"9":1},"f":{"0":1,"1":1,"2":5},"b":{},"_coverageSchema":"1a1c01bbd47fc00a2c39e90264f33305004495a9","hash":"c8e800d7373f4d1055e2c13e7b2adb7efd982882"}
,"C:\\Users\\SGC\\Desktop\\TeamProject\\ai-project\\back\\src\\passport\\googleStrategy.js": {"path":"C:\\Users\\SGC\\Desktop\\TeamProject\\ai-project\\back\\src\\passport\\googleStrategy.js","statementMap":{"0":{"start":{"line":7,"column":15},"end":{"line":7,"column":33}},"1":{"start":{"line":10,"column":15},"end":{"line":15,"column":1}},"2":{"start":{"line":17,"column":15},"end":{"line":36,"column":1}},"3":{"start":{"line":18,"column":16},"end":{"line":18,"column":39}},"4":{"start":{"line":19,"column":17},"end":{"line":19,"column":65}},"5":{"start":{"line":20,"column":2},"end":{"line":35,"column":3}},"6":{"start":{"line":21,"column":4},"end":{"line":32,"column":5}},"7":{"start":{"line":22,"column":6},"end":{"line":22,"column":33}},"8":{"start":{"line":24,"column":26},"end":{"line":30,"column":8}},"9":{"start":{"line":31,"column":6},"end":{"line":31,"column":33}},"10":{"start":{"line":34,"column":4},"end":{"line":34,"column":32}},"11":{"start":{"line":37,"column":30},"end":{"line":39,"column":1}},"12":{"start":{"line":38,"column":2},"end":{"line":38,"column":55}}},"fnMap":{"0":{"name":"(anonymous_0)","decl":{"start":{"line":17,"column":15},"end":{"line":17,"column":16}},"loc":{"start":{"line":17,"column":76},"end":{"line":36,"column":1}},"line":17},"1":{"name":"(anonymous_1)","decl":{"start":{"line":37,"column":30},"end":{"line":37,"column":31}},"loc":{"start":{"line":37,"column":36},"end":{"line":39,"column":1}},"line":37}},"branchMap":{"0":{"loc":{"start":{"line":21,"column":4},"end":{"line":32,"column":5}},"type":"if","locations":[{"start":{"line":21,"column":4},"end":{"line":32,"column":5}},{"start":{"line":23,"column":11},"end":{"line":32,"column":5}}],"line":21}},"s":{"0":1,"1":1,"2":1,"3":0,"4":0,"5":0,"6":0,"7":0,"8":0,"9":0,"10":0,"11":1,"12":1},"f":{"0":0,"1":1},"b":{"0":[0,0]},"_coverageSchema":"1a1c01bbd47fc00a2c39e90264f33305004495a9","hash":"4f0d520c4b33b2be93199101c8813dc427d9a591"}
,"C:\\Users\\SGC\\Desktop\\TeamProject\\ai-project\\back\\src\\passport\\kakaoStrategy.js": {"path":"C:\\Users\\SGC\\Desktop\\TeamProject\\ai-project\\back\\src\\passport\\kakaoStrategy.js","statementMap":{"0":{"start":{"line":6,"column":15},"end":{"line":6,"column":33}},"1":{"start":{"line":8,"column":15},"end":{"line":12,"column":1}},"2":{"start":{"line":14,"column":15},"end":{"line":33,"column":1}},"3":{"start":{"line":15,"column":16},"end":{"line":15,"column":49}},"4":{"start":{"line":16,"column":17},"end":{"line":16,"column":64}},"5":{"start":{"line":17,"column":2},"end":{"line":32,"column":3}},"6":{"start":{"line":18,"column":4},"end":{"line":29,"column":5}},"7":{"start":{"line":19,"column":6},"end":{"line":19,"column":33}},"8":{"start":{"line":21,"column":26},"end":{"line":27,"column":8}},"9":{"start":{"line":28,"column":6},"end":{"line":28,"column":33}},"10":{"start":{"line":31,"column":4},"end":{"line":31,"column":32}},"11":{"start":{"line":35,"column":29},"end":{"line":37,"column":1}},"12":{"start":{"line":36,"column":2},"end":{"line":36,"column":54}}},"fnMap":{"0":{"name":"(anonymous_0)","decl":{"start":{"line":14,"column":15},"end":{"line":14,"column":16}},"loc":{"start":{"line":14,"column":67},"end":{"line":33,"column":1}},"line":14},"1":{"name":"(anonymous_1)","decl":{"start":{"line":35,"column":29},"end":{"line":35,"column":30}},"loc":{"start":{"line":35,"column":35},"end":{"line":37,"column":1}},"line":35}},"branchMap":{"0":{"loc":{"start":{"line":18,"column":4},"end":{"line":29,"column":5}},"type":"if","locations":[{"start":{"line":18,"column":4},"end":{"line":29,"column":5}},{"start":{"line":20,"column":11},"end":{"line":29,"column":5}}],"line":18}},"s":{"0":1,"1":1,"2":1,"3":0,"4":0,"5":0,"6":0,"7":0,"8":0,"9":0,"10":0,"11":1,"12":2},"f":{"0":0,"1":2},"b":{"0":[0,0]},"_coverageSchema":"1a1c01bbd47fc00a2c39e90264f33305004495a9","hash":"553060544c661003681dbe6b90b77b5e11602ea1"}
,"C:\\Users\\SGC\\Desktop\\TeamProject\\ai-project\\back\\src\\passport\\localStrategy.js": {"path":"C:\\Users\\SGC\\Desktop\\TeamProject\\ai-project\\back\\src\\passport\\localStrategy.js","statementMap":{"0":{"start":{"line":7,"column":15},"end":{"line":7,"column":33}},"1":{"start":{"line":10,"column":15},"end":{"line":13,"column":1}},"2":{"start":{"line":14,"column":15},"end":{"line":25,"column":1}},"3":{"start":{"line":15,"column":17},"end":{"line":19,"column":4}},"4":{"start":{"line":20,"column":2},"end":{"line":24,"column":3}},"5":{"start":{"line":21,"column":4},"end":{"line":21,"column":23}},"6":{"start":{"line":23,"column":4},"end":{"line":23,"column":22}},"7":{"start":{"line":27,"column":29},"end":{"line":29,"column":1}},"8":{"start":{"line":28,"column":2},"end":{"line":28,"column":54}}},"fnMap":{"0":{"name":"(anonymous_0)","decl":{"start":{"line":14,"column":15},"end":{"line":14,"column":16}},"loc":{"start":{"line":14,"column":51},"end":{"line":25,"column":1}},"line":14},"1":{"name":"(anonymous_1)","decl":{"start":{"line":27,"column":29},"end":{"line":27,"column":30}},"loc":{"start":{"line":27,"column":35},"end":{"line":29,"column":1}},"line":27}},"branchMap":{"0":{"loc":{"start":{"line":20,"column":2},"end":{"line":24,"column":3}},"type":"if","locations":[{"start":{"line":20,"column":2},"end":{"line":24,"column":3}},{"start":{"line":22,"column":9},"end":{"line":24,"column":3}}],"line":20}},"s":{"0":1,"1":1,"2":1,"3":1,"4":1,"5":1,"6":0,"7":1,"8":1},"f":{"0":1,"1":1},"b":{"0":[1,0]},"_coverageSchema":"1a1c01bbd47fc00a2c39e90264f33305004495a9","hash":"ba2e4c93a24b6edddcdf64f37a2afb331f05b72d"}
,"C:\\Users\\SGC\\Desktop\\TeamProject\\ai-project\\back\\src\\passport\\naverStrategy.js": {"path":"C:\\Users\\SGC\\Desktop\\TeamProject\\ai-project\\back\\src\\passport\\naverStrategy.js","statementMap":{"0":{"start":{"line":6,"column":15},"end":{"line":6,"column":33}},"1":{"start":{"line":8,"column":15},"end":{"line":12,"column":1}},"2":{"start":{"line":14,"column":15},"end":{"line":33,"column":1}},"3":{"start":{"line":15,"column":16},"end":{"line":15,"column":35}},"4":{"start":{"line":16,"column":17},"end":{"line":16,"column":64}},"5":{"start":{"line":17,"column":2},"end":{"line":32,"column":3}},"6":{"start":{"line":18,"column":4},"end":{"line":29,"column":5}},"7":{"start":{"line":19,"column":6},"end":{"line":19,"column":33}},"8":{"start":{"line":21,"column":26},"end":{"line":27,"column":8}},"9":{"start":{"line":28,"column":6},"end":{"line":28,"column":33}},"10":{"start":{"line":31,"column":4},"end":{"line":31,"column":32}},"11":{"start":{"line":35,"column":29},"end":{"line":37,"column":1}},"12":{"start":{"line":36,"column":2},"end":{"line":36,"column":54}}},"fnMap":{"0":{"name":"(anonymous_0)","decl":{"start":{"line":14,"column":15},"end":{"line":14,"column":16}},"loc":{"start":{"line":14,"column":67},"end":{"line":33,"column":1}},"line":14},"1":{"name":"(anonymous_1)","decl":{"start":{"line":35,"column":29},"end":{"line":35,"column":30}},"loc":{"start":{"line":35,"column":35},"end":{"line":37,"column":1}},"line":35}},"branchMap":{"0":{"loc":{"start":{"line":18,"column":4},"end":{"line":29,"column":5}},"type":"if","locations":[{"start":{"line":18,"column":4},"end":{"line":29,"column":5}},{"start":{"line":20,"column":11},"end":{"line":29,"column":5}}],"line":18}},"s":{"0":1,"1":1,"2":1,"3":0,"4":0,"5":0,"6":0,"7":0,"8":0,"9":0,"10":0,"11":1,"12":1},"f":{"0":0,"1":1},"b":{"0":[0,0]},"_coverageSchema":"1a1c01bbd47fc00a2c39e90264f33305004495a9","hash":"4a4541b9e9ad80fecefb2846a9b7843486dad748"}
,"C:\\Users\\SGC\\Desktop\\TeamProject\\ai-project\\back\\src\\routers\\calendarRouter.js": {"path":"C:\\Users\\SGC\\Desktop\\TeamProject\\ai-project\\back\\src\\routers\\calendarRouter.js","statementMap":{"0":{"start":{"line":4,"column":23},"end":{"line":4,"column":31}},"1":{"start":{"line":6,"column":0},"end":{"line":12,"column":3}},"2":{"start":{"line":7,"column":2},"end":{"line":11,"column":3}},"3":{"start":{"line":8,"column":4},"end":{"line":8,"column":19}},"4":{"start":{"line":10,"column":4},"end":{"line":10,"column":20}}},"fnMap":{"0":{"name":"(anonymous_0)","decl":{"start":{"line":6,"column":24},"end":{"line":6,"column":25}},"loc":{"start":{"line":6,"column":38},"end":{"line":12,"column":1}},"line":6}},"branchMap":{"0":{"loc":{"start":{"line":7,"column":2},"end":{"line":11,"column":3}},"type":"if","locations":[{"start":{"line":7,"column":2},"end":{"line":11,"column":3}},{"start":{"line":9,"column":9},"end":{"line":11,"column":3}}],"line":7}},"s":{"0":1,"1":1,"2":0,"3":0,"4":0},"f":{"0":0},"b":{"0":[0,0]},"_coverageSchema":"1a1c01bbd47fc00a2c39e90264f33305004495a9","hash":"84dca181f59aa799101a01e6b7ca88fb07df522c"}
,"C:\\Users\\SGC\\Desktop\\TeamProject\\ai-project\\back\\src\\routers\\diaryRouter.js": {"path":"C:\\Users\\SGC\\Desktop\\TeamProject\\ai-project\\back\\src\\routers\\diaryRouter.js","statementMap":{"0":{"start":{"line":6,"column":20},"end":{"line":6,"column":28}},"1":{"start":{"line":70,"column":0},"end":{"line":93,"column":2}},"2":{"start":{"line":78,"column":4},"end":{"line":91,"column":5}},"3":{"start":{"line":79,"column":6},"end":{"line":81,"column":7}},"4":{"start":{"line":80,"column":8},"end":{"line":80,"column":43}},"5":{"start":{"line":82,"column":21},"end":{"line":82,"column":32}},"6":{"start":{"line":83,"column":19},"end":{"line":83,"column":42}},"7":{"start":{"line":84,"column":6},"end":{"line":86,"column":7}},"8":{"start":{"line":85,"column":8},"end":{"line":85,"column":41}},"9":{"start":{"line":87,"column":19},"end":{"line":87,"column":50}},"10":{"start":{"line":88,"column":6},"end":{"line":88,"column":62}},"11":{"start":{"line":90,"column":6},"end":{"line":90,"column":18}},"12":{"start":{"line":111,"column":0},"end":{"line":136,"column":2}},"13":{"start":{"line":124,"column":22},"end":{"line":124,"column":52}},"14":{"start":{"line":125,"column":8},"end":{"line":127,"column":9}},"15":{"start":{"line":126,"column":10},"end":{"line":126,"column":52}},"16":{"start":{"line":132,"column":19},"end":{"line":132,"column":29}},"17":{"start":{"line":133,"column":17},"end":{"line":133,"column":46}},"18":{"start":{"line":134,"column":4},"end":{"line":134,"column":59}},"19":{"start":{"line":179,"column":0},"end":{"line":190,"column":3}},"20":{"start":{"line":180,"column":2},"end":{"line":189,"column":3}},"21":{"start":{"line":181,"column":4},"end":{"line":183,"column":5}},"22":{"start":{"line":182,"column":6},"end":{"line":182,"column":41}},"23":{"start":{"line":184,"column":19},"end":{"line":184,"column":30}},"24":{"start":{"line":185,"column":17},"end":{"line":185,"column":52}},"25":{"start":{"line":186,"column":4},"end":{"line":186,"column":55}},"26":{"start":{"line":188,"column":4},"end":{"line":188,"column":16}},"27":{"start":{"line":242,"column":0},"end":{"line":267,"column":2}},"28":{"start":{"line":255,"column":22},"end":{"line":255,"column":52}},"29":{"start":{"line":256,"column":8},"end":{"line":258,"column":9}},"30":{"start":{"line":257,"column":10},"end":{"line":257,"column":47}},"31":{"start":{"line":263,"column":19},"end":{"line":263,"column":29}},"32":{"start":{"line":264,"column":17},"end":{"line":264,"column":44}},"33":{"start":{"line":265,"column":4},"end":{"line":265,"column":55}},"34":{"start":{"line":319,"column":0},"end":{"line":330,"column":3}},"35":{"start":{"line":320,"column":2},"end":{"line":329,"column":3}},"36":{"start":{"line":321,"column":4},"end":{"line":323,"column":5}},"37":{"start":{"line":322,"column":6},"end":{"line":322,"column":41}},"38":{"start":{"line":324,"column":19},"end":{"line":324,"column":30}},"39":{"start":{"line":325,"column":19},"end":{"line":325,"column":58}},"40":{"start":{"line":326,"column":4},"end":{"line":326,"column":57}},"41":{"start":{"line":328,"column":4},"end":{"line":328,"column":16}}},"fnMap":{"0":{"name":"(anonymous_0)","decl":{"start":{"line":77,"column":2},"end":{"line":77,"column":3}},"loc":{"start":{"line":77,"column":28},"end":{"line":92,"column":3}},"line":77},"1":{"name":"(anonymous_1)","decl":{"start":{"line":123,"column":14},"end":{"line":123,"column":15}},"loc":{"start":{"line":123,"column":31},"end":{"line":128,"column":7}},"line":123},"2":{"name":"(anonymous_2)","decl":{"start":{"line":131,"column":2},"end":{"line":131,"column":3}},"loc":{"start":{"line":131,"column":28},"end":{"line":135,"column":3}},"line":131},"3":{"name":"(anonymous_3)","decl":{"start":{"line":179,"column":25},"end":{"line":179,"column":26}},"loc":{"start":{"line":179,"column":51},"end":{"line":190,"column":1}},"line":179},"4":{"name":"(anonymous_4)","decl":{"start":{"line":254,"column":14},"end":{"line":254,"column":15}},"loc":{"start":{"line":254,"column":31},"end":{"line":259,"column":7}},"line":254},"5":{"name":"(anonymous_5)","decl":{"start":{"line":262,"column":2},"end":{"line":262,"column":3}},"loc":{"start":{"line":262,"column":28},"end":{"line":266,"column":3}},"line":262},"6":{"name":"(anonymous_6)","decl":{"start":{"line":319,"column":32},"end":{"line":319,"column":33}},"loc":{"start":{"line":319,"column":58},"end":{"line":330,"column":1}},"line":319}},"branchMap":{"0":{"loc":{"start":{"line":79,"column":6},"end":{"line":81,"column":7}},"type":"if","locations":[{"start":{"line":79,"column":6},"end":{"line":81,"column":7}},{"start":{},"end":{}}],"line":79},"1":{"loc":{"start":{"line":84,"column":6},"end":{"line":86,"column":7}},"type":"if","locations":[{"start":{"line":84,"column":6},"end":{"line":86,"column":7}},{"start":{},"end":{}}],"line":84},"2":{"loc":{"start":{"line":125,"column":8},"end":{"line":127,"column":9}},"type":"if","locations":[{"start":{"line":125,"column":8},"end":{"line":127,"column":9}},{"start":{},"end":{}}],"line":125},"3":{"loc":{"start":{"line":181,"column":4},"end":{"line":183,"column":5}},"type":"if","locations":[{"start":{"line":181,"column":4},"end":{"line":183,"column":5}},{"start":{},"end":{}}],"line":181},"4":{"loc":{"start":{"line":256,"column":8},"end":{"line":258,"column":9}},"type":"if","locations":[{"start":{"line":256,"column":8},"end":{"line":258,"column":9}},{"start":{},"end":{}}],"line":256},"5":{"loc":{"start":{"line":321,"column":4},"end":{"line":323,"column":5}},"type":"if","locations":[{"start":{"line":321,"column":4},"end":{"line":323,"column":5}},{"start":{},"end":{}}],"line":321}},"s":{"0":1,"1":1,"2":2,"3":2,"4":1,"5":1,"6":1,"7":1,"8":1,"9":1,"10":1,"11":1,"12":1,"13":2,"14":2,"15":1,"16":1,"17":1,"18":1,"19":1,"20":2,"21":2,"22":1,"23":1,"24":1,"25":1,"26":1,"27":1,"28":2,"29":2,"30":1,"31":1,"32":1,"33":1,"34":1,"35":2,"36":2,"37":1,"38":1,"39":1,"40":1,"41":1},"f":{"0":2,"1":2,"2":1,"3":2,"4":2,"5":1,"6":2},"b":{"0":[1,1],"1":[1,0],"2":[1,1],"3":[1,1],"4":[1,1],"5":[1,1]},"_coverageSchema":"1a1c01bbd47fc00a2c39e90264f33305004495a9","hash":"0ad4c9874929ae4d9399187fa927f33dfde84b02"}
,"C:\\Users\\SGC\\Desktop\\TeamProject\\ai-project\\back\\src\\routers\\loginRouter.js": {"path":"C:\\Users\\SGC\\Desktop\\TeamProject\\ai-project\\back\\src\\routers\\loginRouter.js","statementMap":{"0":{"start":{"line":3,"column":20},"end":{"line":3,"column":28}},"1":{"start":{"line":5,"column":0},"end":{"line":14,"column":2}},"2":{"start":{"line":12,"column":4},"end":{"line":12,"column":21}},"3":{"start":{"line":16,"column":0},"end":{"line":21,"column":2}},"4":{"start":{"line":19,"column":4},"end":{"line":19,"column":21}},"5":{"start":{"line":23,"column":0},"end":{"line":25,"column":3}},"6":{"start":{"line":24,"column":2},"end":{"line":24,"column":19}},"7":{"start":{"line":27,"column":0},"end":{"line":29,"column":3}},"8":{"start":{"line":28,"column":2},"end":{"line":28,"column":19}}},"fnMap":{"0":{"name":"(anonymous_0)","decl":{"start":{"line":11,"column":2},"end":{"line":11,"column":3}},"loc":{"start":{"line":11,"column":11},"end":{"line":13,"column":3}},"line":11},"1":{"name":"(anonymous_1)","decl":{"start":{"line":18,"column":56},"end":{"line":18,"column":57}},"loc":{"start":{"line":18,"column":65},"end":{"line":20,"column":3}},"line":18},"2":{"name":"(anonymous_2)","decl":{"start":{"line":23,"column":58},"end":{"line":23,"column":59}},"loc":{"start":{"line":23,"column":67},"end":{"line":25,"column":1}},"line":23},"3":{"name":"(anonymous_3)","decl":{"start":{"line":27,"column":58},"end":{"line":27,"column":59}},"loc":{"start":{"line":27,"column":67},"end":{"line":29,"column":1}},"line":27}},"branchMap":{},"s":{"0":1,"1":1,"2":0,"3":1,"4":0,"5":1,"6":0,"7":1,"8":0},"f":{"0":0,"1":0,"2":0,"3":0},"b":{},"_coverageSchema":"1a1c01bbd47fc00a2c39e90264f33305004495a9","hash":"547fc9be86748f8da4e98a270199a0f2b854363f"}
,"C:\\Users\\SGC\\Desktop\\TeamProject\\ai-project\\back\\src\\routers\\uploadRouter.js": {"path":"C:\\Users\\SGC\\Desktop\\TeamProject\\ai-project\\back\\src\\routers\\uploadRouter.js","statementMap":{"0":{"start":{"line":5,"column":21},"end":{"line":5,"column":29}},"1":{"start":{"line":45,"column":0},"end":{"line":56,"column":3}},"2":{"start":{"line":46,"column":19},"end":{"line":46,"column":29}},"3":{"start":{"line":47,"column":19},"end":{"line":47,"column":36}},"4":{"start":{"line":48,"column":14},"end":{"line":48,"column":44}},"5":{"start":{"line":49,"column":19},"end":{"line":49,"column":94}},"6":{"start":{"line":50,"column":15},"end":{"line":54,"column":3}},"7":{"start":{"line":55,"column":2},"end":{"line":55,"column":29}},"8":{"start":{"line":58,"column":0},"end":{"line":75,"column":3}},"9":{"start":{"line":59,"column":2},"end":{"line":73,"column":3}},"10":{"start":{"line":60,"column":21},"end":{"line":60,"column":31}},"11":{"start":{"line":61,"column":4},"end":{"line":70,"column":6}},"12":{"start":{"line":67,"column":8},"end":{"line":68,"column":31}},"13":{"start":{"line":67,"column":17},"end":{"line":67,"column":34}},"14":{"start":{"line":68,"column":13},"end":{"line":68,"column":31}},"15":{"start":{"line":72,"column":4},"end":{"line":72,"column":16}},"16":{"start":{"line":74,"column":2},"end":{"line":74,"column":17}}},"fnMap":{"0":{"name":"(anonymous_0)","decl":{"start":{"line":45,"column":27},"end":{"line":45,"column":28}},"loc":{"start":{"line":45,"column":47},"end":{"line":56,"column":1}},"line":45},"1":{"name":"(anonymous_1)","decl":{"start":{"line":58,"column":30},"end":{"line":58,"column":31}},"loc":{"start":{"line":58,"column":56},"end":{"line":75,"column":1}},"line":58},"2":{"name":"(anonymous_2)","decl":{"start":{"line":66,"column":6},"end":{"line":66,"column":7}},"loc":{"start":{"line":66,"column":21},"end":{"line":69,"column":7}},"line":66}},"branchMap":{"0":{"loc":{"start":{"line":67,"column":8},"end":{"line":68,"column":31}},"type":"if","locations":[{"start":{"line":67,"column":8},"end":{"line":68,"column":31}},{"start":{"line":68,"column":13},"end":{"line":68,"column":31}}],"line":67}},"s":{"0":1,"1":1,"2":1,"3":1,"4":1,"5":1,"6":1,"7":1,"8":1,"9":0,"10":0,"11":0,"12":0,"13":0,"14":0,"15":0,"16":0},"f":{"0":1,"1":0,"2":0},"b":{"0":[0,0]},"_coverageSchema":"1a1c01bbd47fc00a2c39e90264f33305004495a9","hash":"589f3e999d23f2ec987e887e0d5f1fe31e22b31e"}
,"C:\\Users\\SGC\\Desktop\\TeamProject\\ai-project\\back\\src\\routers\\userRouter.js": {"path":"C:\\Users\\SGC\\Desktop\\TeamProject\\ai-project\\back\\src\\routers\\userRouter.js","statementMap":{"0":{"start":{"line":4,"column":19},"end":{"line":4,"column":27}},"1":{"start":{"line":5,"column":0},"end":{"line":15,"column":2}},"2":{"start":{"line":9,"column":4},"end":{"line":13,"column":5}},"3":{"start":{"line":10,"column":6},"end":{"line":10,"column":32}},"4":{"start":{"line":12,"column":6},"end":{"line":12,"column":35}},"5":{"start":{"line":17,"column":0},"end":{"line":23,"column":3}},"6":{"start":{"line":18,"column":2},"end":{"line":22,"column":3}},"7":{"start":{"line":19,"column":4},"end":{"line":19,"column":30}},"8":{"start":{"line":21,"column":4},"end":{"line":21,"column":33}},"9":{"start":{"line":25,"column":0},"end":{"line":31,"column":3}},"10":{"start":{"line":26,"column":2},"end":{"line":30,"column":3}},"11":{"start":{"line":27,"column":4},"end":{"line":27,"column":30}},"12":{"start":{"line":29,"column":4},"end":{"line":29,"column":33}},"13":{"start":{"line":33,"column":0},"end":{"line":40,"column":3}},"14":{"start":{"line":34,"column":2},"end":{"line":34,"column":33}},"15":{"start":{"line":35,"column":2},"end":{"line":39,"column":3}},"16":{"start":{"line":36,"column":4},"end":{"line":36,"column":31}},"17":{"start":{"line":38,"column":4},"end":{"line":38,"column":33}},"18":{"start":{"line":44,"column":0},"end":{"line":52,"column":3}},"19":{"start":{"line":45,"column":2},"end":{"line":51,"column":3}},"20":{"start":{"line":46,"column":4},"end":{"line":48,"column":7}},"21":{"start":{"line":47,"column":6},"end":{"line":47,"column":21}},"22":{"start":{"line":50,"column":4},"end":{"line":50,"column":33}},"23":{"start":{"line":57,"column":0},"end":{"line":63,"column":3}},"24":{"start":{"line":58,"column":2},"end":{"line":62,"column":3}},"25":{"start":{"line":59,"column":4},"end":{"line":59,"column":19}},"26":{"start":{"line":61,"column":4},"end":{"line":61,"column":20}},"27":{"start":{"line":66,"column":0},"end":{"line":68,"column":3}},"28":{"start":{"line":67,"column":2},"end":{"line":67,"column":18}},"29":{"start":{"line":71,"column":0},"end":{"line":80,"column":3}},"30":{"start":{"line":72,"column":24},"end":{"line":72,"column":32}},"31":{"start":{"line":73,"column":17},"end":{"line":73,"column":24}},"32":{"start":{"line":74,"column":17},"end":{"line":74,"column":61}},"33":{"start":{"line":75,"column":2},"end":{"line":79,"column":3}},"34":{"start":{"line":76,"column":4},"end":{"line":76,"column":20}},"35":{"start":{"line":78,"column":4},"end":{"line":78,"column":19}}},"fnMap":{"0":{"name":"(anonymous_0)","decl":{"start":{"line":8,"column":2},"end":{"line":8,"column":3}},"loc":{"start":{"line":8,"column":16},"end":{"line":14,"column":3}},"line":8},"1":{"name":"(anonymous_1)","decl":{"start":{"line":17,"column":65},"end":{"line":17,"column":66}},"loc":{"start":{"line":17,"column":79},"end":{"line":23,"column":1}},"line":17},"2":{"name":"(anonymous_2)","decl":{"start":{"line":25,"column":65},"end":{"line":25,"column":66}},"loc":{"start":{"line":25,"column":79},"end":{"line":31,"column":1}},"line":25},"3":{"name":"(anonymous_3)","decl":{"start":{"line":33,"column":33},"end":{"line":33,"column":34}},"loc":{"start":{"line":33,"column":47},"end":{"line":40,"column":1}},"line":33},"4":{"name":"(anonymous_4)","decl":{"start":{"line":44,"column":26},"end":{"line":44,"column":27}},"loc":{"start":{"line":44,"column":40},"end":{"line":52,"column":1}},"line":44},"5":{"name":"(anonymous_5)","decl":{"start":{"line":46,"column":15},"end":{"line":46,"column":16}},"loc":{"start":{"line":46,"column":24},"end":{"line":48,"column":5}},"line":46},"6":{"name":"(anonymous_6)","decl":{"start":{"line":57,"column":24},"end":{"line":57,"column":25}},"loc":{"start":{"line":57,"column":38},"end":{"line":63,"column":1}},"line":57},"7":{"name":"(anonymous_7)","decl":{"start":{"line":66,"column":26},"end":{"line":66,"column":27}},"loc":{"start":{"line":66,"column":40},"end":{"line":68,"column":1}},"line":66},"8":{"name":"(anonymous_8)","decl":{"start":{"line":71,"column":27},"end":{"line":71,"column":28}},"loc":{"start":{"line":71,"column":47},"end":{"line":80,"column":1}},"line":71}},"branchMap":{"0":{"loc":{"start":{"line":9,"column":4},"end":{"line":13,"column":5}},"type":"if","locations":[{"start":{"line":9,"column":4},"end":{"line":13,"column":5}},{"start":{"line":11,"column":11},"end":{"line":13,"column":5}}],"line":9},"1":{"loc":{"start":{"line":18,"column":2},"end":{"line":22,"column":3}},"type":"if","locations":[{"start":{"line":18,"column":2},"end":{"line":22,"column":3}},{"start":{"line":20,"column":9},"end":{"line":22,"column":3}}],"line":18},"2":{"loc":{"start":{"line":26,"column":2},"end":{"line":30,"column":3}},"type":"if","locations":[{"start":{"line":26,"column":2},"end":{"line":30,"column":3}},{"start":{"line":28,"column":9},"end":{"line":30,"column":3}}],"line":26},"3":{"loc":{"start":{"line":35,"column":2},"end":{"line":39,"column":3}},"type":"if","locations":[{"start":{"line":35,"column":2},"end":{"line":39,"column":3}},{"start":{"line":37,"column":9},"end":{"line":39,"column":3}}],"line":35},"4":{"loc":{"start":{"line":45,"column":2},"end":{"line":51,"column":3}},"type":"if","locations":[{"start":{"line":45,"column":2},"end":{"line":51,"column":3}},{"start":{"line":49,"column":9},"end":{"line":51,"column":3}}],"line":45},"5":{"loc":{"start":{"line":58,"column":2},"end":{"line":62,"column":3}},"type":"if","locations":[{"start":{"line":58,"column":2},"end":{"line":62,"column":3}},{"start":{"line":60,"column":9},"end":{"line":62,"column":3}}],"line":58},"6":{"loc":{"start":{"line":75,"column":2},"end":{"line":79,"column":3}},"type":"if","locations":[{"start":{"line":75,"column":2},"end":{"line":79,"column":3}},{"start":{"line":77,"column":9},"end":{"line":79,"column":3}}],"line":75}},"s":{"0":1,"1":1,"2":0,"3":0,"4":0,"5":1,"6":0,"7":0,"8":0,"9":1,"10":0,"11":0,"12":0,"13":1,"14":0,"15":0,"16":0,"17":0,"18":1,"19":0,"20":0,"21":0,"22":0,"23":1,"24":0,"25":0,"26":0,"27":1,"28":0,"29":1,"30":0,"31":0,"32":0,"33":0,"34":0,"35":0},"f":{"0":0,"1":0,"2":0,"3":0,"4":0,"5":0,"6":0,"7":0,"8":0},"b":{"0":[0,0],"1":[0,0],"2":[0,0],"3":[0,0],"4":[0,0],"5":[0,0],"6":[0,0]},"_coverageSchema":"1a1c01bbd47fc00a2c39e90264f33305004495a9","hash":"91cea6a8b5760c4b2a383b4c0472bb6c70e9c2bc"}
,"C:\\Users\\SGC\\Desktop\\TeamProject\\ai-project\\back\\src\\services\\diaryService.js": {"path":"C:\\Users\\SGC\\Desktop\\TeamProject\\ai-project\\back\\src\\services\\diaryService.js","statementMap":{"0":{"start":{"line":14,"column":21},"end":{"line":19,"column":5}},"1":{"start":{"line":20,"column":17},"end":{"line":20,"column":45}},"2":{"start":{"line":21,"column":4},"end":{"line":21,"column":16}},"3":{"start":{"line":28,"column":17},"end":{"line":28,"column":39}},"4":{"start":{"line":29,"column":4},"end":{"line":29,"column":16}},"5":{"start":{"line":37,"column":17},"end":{"line":37,"column":37}},"6":{"start":{"line":38,"column":4},"end":{"line":38,"column":16}},"7":{"start":{"line":47,"column":17},"end":{"line":47,"column":45}},"8":{"start":{"line":48,"column":4},"end":{"line":48,"column":16}},"9":{"start":{"line":56,"column":18},"end":{"line":56,"column":38}},"10":{"start":{"line":57,"column":4},"end":{"line":57,"column":17}},"11":{"start":{"line":65,"column":22},"end":{"line":65,"column":56}},"12":{"start":{"line":66,"column":4},"end":{"line":66,"column":21}},"13":{"start":{"line":73,"column":18},"end":{"line":73,"column":43}},"14":{"start":{"line":74,"column":4},"end":{"line":74,"column":17}},"15":{"start":{"line":82,"column":19},"end":{"line":82,"column":51}},"16":{"start":{"line":83,"column":4},"end":{"line":83,"column":18}}},"fnMap":{"0":{"name":"(anonymous_0)","decl":{"start":{"line":13,"column":2},"end":{"line":13,"column":3}},"loc":{"start":{"line":13,"column":52},"end":{"line":22,"column":3}},"line":13},"1":{"name":"(anonymous_1)","decl":{"start":{"line":27,"column":2},"end":{"line":27,"column":3}},"loc":{"start":{"line":27,"column":26},"end":{"line":30,"column":3}},"line":27},"2":{"name":"(anonymous_2)","decl":{"start":{"line":36,"column":2},"end":{"line":36,"column":3}},"loc":{"start":{"line":36,"column":24},"end":{"line":39,"column":3}},"line":36},"3":{"name":"(anonymous_3)","decl":{"start":{"line":46,"column":2},"end":{"line":46,"column":3}},"loc":{"start":{"line":46,"column":32},"end":{"line":49,"column":3}},"line":46},"4":{"name":"(anonymous_4)","decl":{"start":{"line":55,"column":2},"end":{"line":55,"column":3}},"loc":{"start":{"line":55,"column":24},"end":{"line":58,"column":3}},"line":55},"5":{"name":"(anonymous_5)","decl":{"start":{"line":64,"column":2},"end":{"line":64,"column":3}},"loc":{"start":{"line":64,"column":38},"end":{"line":67,"column":3}},"line":64},"6":{"name":"(anonymous_6)","decl":{"start":{"line":72,"column":2},"end":{"line":72,"column":3}},"loc":{"start":{"line":72,"column":29},"end":{"line":75,"column":3}},"line":72},"7":{"name":"(anonymous_7)","decl":{"start":{"line":81,"column":2},"end":{"line":81,"column":3}},"loc":{"start":{"line":81,"column":36},"end":{"line":84,"column":3}},"line":81}},"branchMap":{},"s":{"0":1,"1":1,"2":1,"3":1,"4":1,"5":2,"6":2,"7":1,"8":1,"9":4,"10":4,"11":1,"12":1,"13":1,"14":1,"15":1,"16":1},"f":{"0":1,"1":1,"2":2,"3":1,"4":4,"5":1,"6":1,"7":1},"b":{},"_coverageSchema":"1a1c01bbd47fc00a2c39e90264f33305004495a9","hash":"e36847898db7866eac184721e59b20563b192d3c"}
,"C:\\Users\\SGC\\Desktop\\TeamProject\\ai-project\\back\\src\\services\\emotionService.js": {"path":"C:\\Users\\SGC\\Desktop\\TeamProject\\ai-project\\back\\src\\services\\emotionService.js","statementMap":{"0":{"start":{"line":5,"column":17},"end":{"line":9,"column":5}},"1":{"start":{"line":11,"column":19},"end":{"line":11,"column":39}},"2":{"start":{"line":12,"column":4},"end":{"line":12,"column":18}}},"fnMap":{"0":{"name":"(anonymous_0)","decl":{"start":{"line":4,"column":2},"end":{"line":4,"column":3}},"loc":{"start":{"line":4,"column":52},"end":{"line":13,"column":3}},"line":4}},"branchMap":{},"s":{"0":0,"1":0,"2":0},"f":{"0":0},"b":{},"_coverageSchema":"1a1c01bbd47fc00a2c39e90264f33305004495a9","hash":"388e5a1ccdb9957a6d0e2052ef4ed8a562e8b13a"}
,"C:\\Users\\SGC\\Desktop\\TeamProject\\ai-project\\back\\src\\utils\\preSign.js": {"path":"C:\\Users\\SGC\\Desktop\\TeamProject\\ai-project\\back\\src\\utils\\preSign.js","statementMap":{"0":{"start":{"line":3,"column":0},"end":{"line":8,"column":3}},"1":{"start":{"line":10,"column":11},"end":{"line":10,"column":23}},"2":{"start":{"line":11,"column":17},"end":{"line":11,"column":40}},"3":{"start":{"line":12,"column":31},"end":{"line":12,"column":37}},"4":{"start":{"line":15,"column":14},"end":{"line":20,"column":4}},"5":{"start":{"line":21,"column":2},"end":{"line":21,"column":13}}},"fnMap":{"0":{"name":"createUrl","decl":{"start":{"line":14,"column":24},"end":{"line":14,"column":33}},"loc":{"start":{"line":14,"column":44},"end":{"line":22,"column":1}},"line":14}},"branchMap":{},"s":{"0":1,"1":1,"2":1,"3":1,"4":1,"5":1},"f":{"0":1},"b":{},"_coverageSchema":"1a1c01bbd47fc00a2c39e90264f33305004495a9","hash":"c822eb8ba4a26da9b55f13e400a39b75876fa6e9"}
,"C:\\Users\\SGC\\Desktop\\TeamProject\\ai-project\\back\\src\\utils\\status.js": {"path":"C:\\Users\\SGC\\Desktop\\TeamProject\\ai-project\\back\\src\\utils\\status.js","statementMap":{"0":{"start":{"line":13,"column":29},"end":{"line":13,"column":32}},"1":{"start":{"line":19,"column":34},"end":{"line":19,"column":37}},"2":{"start":{"line":21,"column":38},"end":{"line":21,"column":41}},"3":{"start":{"line":27,"column":37},"end":{"line":27,"column":40}},"4":{"start":{"line":33,"column":39},"end":{"line":33,"column":42}},"5":{"start":{"line":40,"column":36},"end":{"line":40,"column":39}},"6":{"start":{"line":49,"column":35},"end":{"line":49,"column":38}},"7":{"start":{"line":55,"column":43},"end":{"line":55,"column":46}},"8":{"start":{"line":59,"column":46},"end":{"line":59,"column":49}},"9":{"start":{"line":65,"column":41},"end":{"line":65,"column":44}}},"fnMap":{},"branchMap":{},"s":{"0":1,"1":1,"2":1,"3":1,"4":1,"5":1,"6":1,"7":1,"8":1,"9":1},"f":{},"b":{},"_coverageSchema":"1a1c01bbd47fc00a2c39e90264f33305004495a9","hash":"4d7df0452edb8db7c97eb8675112ec2302ba96e4"}
}
