TN:
SF:src\app.js
FN:84,(anonymous_0)
FN:106,(anonymous_1)
FN:111,(anonymous_2)
FNF:3
FNH:1
FNDA:0,(anonymous_0)
FNDA:0,(anonymous_1)
FNDA:4,(anonymous_2)
DA:25,2
DA:26,2
DA:28,2
DA:34,2
DA:36,2
DA:37,0
DA:38,0
DA:45,0
DA:46,0
DA:48,2
DA:54,2
DA:55,2
DA:61,2
DA:62,2
DA:63,2
DA:64,2
DA:67,2
DA:76,2
DA:77,2
DA:78,2
DA:81,2
DA:82,0
DA:85,0
DA:90,2
DA:93,2
DA:94,2
DA:95,2
DA:100,2
DA:101,2
DA:102,2
DA:103,2
DA:104,2
DA:105,2
DA:106,2
DA:107,0
DA:109,2
DA:112,4
DA:113,0
DA:115,4
DA:119,2
LF:40
LH:32
BRDA:36,0,0,0
BRDA:36,0,1,2
BRDA:81,1,0,0
BRDA:81,1,1,2
BRDA:112,2,0,0
BRDA:112,2,1,4
BRF:6
BRH:3
end_of_record
TN:
SF:src\config\env.js
FNF:0
FNH:0
DA:2,2
LF:1
LH:1
BRF:0
BRH:0
end_of_record
TN:
SF:src\config\s3.js
FNF:0
FNH:0
DA:3,2
LF:1
LH:1
BRF:0
BRH:0
end_of_record
TN:
SF:src\config\swaggerDoc.js
FNF:0
FNH:0
DA:4,2
DA:6,2
DA:32,2
LF:3
LH:3
BRF:0
BRH:0
end_of_record
TN:
SF:src\db\index.js
FNF:0
FNH:0
LF:0
LH:0
BRF:0
BRH:0
end_of_record
TN:
SF:src\db\models\Calendar.js
FNF:0
FNH:0
DA:3,2
LF:1
LH:1
BRF:0
BRH:0
end_of_record
TN:
SF:src\db\models\Diary.js
FN:10,(anonymous_0)
FN:28,(anonymous_1)
FN:45,(anonymous_2)
FN:77,(anonymous_3)
FN:100,(anonymous_4)
FN:113,(anonymous_5)
FN:129,(anonymous_6)
FN:142,(anonymous_7)
FNF:8
FNH:8
FNDA:1,(anonymous_0)
FNDA:1,(anonymous_1)
FNDA:2,(anonymous_2)
FNDA:1,(anonymous_3)
FNDA:4,(anonymous_4)
FNDA:1,(anonymous_5)
FNDA:1,(anonymous_6)
FNDA:1,(anonymous_7)
DA:2,2
DA:11,1
DA:20,1
DA:29,1
DA:37,1
DA:46,2
DA:56,2
DA:69,2
DA:78,1
DA:92,1
DA:101,4
DA:106,4
DA:114,1
DA:122,1
DA:130,1
DA:135,1
DA:144,1
DA:145,1
LF:18
LH:18
BRF:0
BRH:0
end_of_record
TN:
SF:src\db\models\Emotion.js
FN:12,(anonymous_0)
FNF:1
FNH:1
FNDA:1,(anonymous_0)
DA:2,2
DA:13,1
DA:16,1
LF:3
LH:3
BRF:0
BRH:0
end_of_record
TN:
SF:src\db\models\User.js
FN:5,(anonymous_0)
FN:25,(anonymous_1)
FN:35,(anonymous_2)
FNF:3
FNH:1
FNDA:0,(anonymous_0)
FNDA:0,(anonymous_1)
FNDA:2,(anonymous_2)
DA:3,2
DA:6,0
DA:12,0
DA:13,0
DA:15,0
DA:22,0
DA:26,0
DA:32,0
DA:36,2
DA:37,2
DA:44,2
DA:46,0
DA:52,0
LF:13
LH:4
BRDA:12,0,0,0
BRDA:12,0,1,0
BRDA:36,1,0,2
BRDA:36,1,1,0
BRF:4
BRH:1
end_of_record
TN:
SF:src\middlewares\errorMiddleware.js
FN:4,errorMiddleware
FNF:1
FNH:1
FNDA:4,errorMiddleware
DA:6,4
DA:7,4
DA:8,4
DA:9,4
DA:17,4
LF:5
LH:5
BRDA:13,0,0,4
BRDA:13,0,1,4
BRDA:14,1,0,4
BRDA:14,1,1,0
BRDA:17,2,0,4
BRDA:17,2,1,4
BRF:6
BRH:5
end_of_record
TN:
SF:src\middlewares\validator.js
FN:5,(anonymous_0)
FNF:1
FNH:1
FNDA:10,(anonymous_0)
DA:5,2
DA:6,10
DA:7,10
DA:8,6
DA:10,4
DA:11,4
LF:6
LH:6
BRDA:7,0,0,6
BRDA:7,0,1,4
BRDA:11,1,0,4
BRDA:11,1,1,4
BRF:4
BRH:4
end_of_record
TN:
SF:src\passport\finalStrategy.js
FN:7,(anonymous_0)
FN:8,(anonymous_1)
FN:12,(anonymous_2)
FNF:3
FNH:3
FNDA:2,(anonymous_0)
FNDA:2,(anonymous_1)
FNDA:6,(anonymous_2)
DA:7,2
DA:8,2
DA:10,2
DA:12,2
DA:14,6
DA:16,2
DA:17,2
DA:18,2
DA:19,2
DA:20,2
LF:10
LH:10
BRF:0
BRH:0
end_of_record
TN:
SF:src\passport\googleStrategy.js
FN:17,(anonymous_0)
FN:37,(anonymous_1)
FNF:2
FNH:1
FNDA:0,(anonymous_0)
FNDA:2,(anonymous_1)
DA:7,2
DA:10,2
DA:17,2
DA:18,0
DA:19,0
DA:20,0
DA:21,0
DA:22,0
DA:24,0
DA:31,0
DA:34,0
DA:37,2
DA:38,2
LF:13
LH:5
BRDA:21,0,0,0
BRDA:21,0,1,0
BRF:2
BRH:0
end_of_record
TN:
SF:src\passport\kakaoStrategy.js
FN:14,(anonymous_0)
FN:35,(anonymous_1)
FNF:2
FNH:1
FNDA:0,(anonymous_0)
FNDA:4,(anonymous_1)
DA:6,2
DA:8,2
DA:14,2
DA:15,0
DA:16,0
DA:17,0
DA:18,0
DA:19,0
DA:21,0
DA:28,0
DA:31,0
DA:35,2
DA:36,4
LF:13
LH:5
BRDA:18,0,0,0
BRDA:18,0,1,0
BRF:2
BRH:0
end_of_record
TN:
SF:src\passport\localStrategy.js
FN:14,(anonymous_0)
FN:27,(anonymous_1)
FNF:2
FNH:2
FNDA:2,(anonymous_0)
FNDA:2,(anonymous_1)
DA:7,2
DA:10,2
DA:14,2
DA:15,2
DA:20,2
DA:21,2
DA:23,0
DA:27,2
DA:28,2
LF:9
LH:8
BRDA:20,0,0,2
BRDA:20,0,1,0
BRF:2
BRH:1
end_of_record
TN:
SF:src\passport\naverStrategy.js
FN:14,(anonymous_0)
FN:35,(anonymous_1)
FNF:2
FNH:1
FNDA:0,(anonymous_0)
FNDA:2,(anonymous_1)
DA:6,2
DA:8,2
DA:14,2
DA:15,0
DA:16,0
DA:17,0
DA:18,0
DA:19,0
DA:21,0
DA:28,0
DA:31,0
DA:35,2
DA:36,2
LF:13
LH:5
BRDA:18,0,0,0
BRDA:18,0,1,0
BRF:2
BRH:0
end_of_record
TN:
SF:src\routers\calendarRouter.js
FN:6,(anonymous_0)
FNF:1
FNH:0
FNDA:0,(anonymous_0)
DA:4,2
DA:6,2
DA:7,0
DA:8,0
DA:10,0
LF:5
LH:2
BRDA:7,0,0,0
BRDA:7,0,1,0
BRF:2
BRH:0
end_of_record
TN:
SF:src\routers\diaryRouter.js
FN:77,(anonymous_0)
FN:123,(anonymous_1)
FN:131,(anonymous_2)
FN:179,(anonymous_3)
FN:254,(anonymous_4)
FN:262,(anonymous_5)
FN:319,(anonymous_6)
FNF:7
FNH:7
FNDA:2,(anonymous_0)
FNDA:2,(anonymous_1)
FNDA:1,(anonymous_2)
FNDA:2,(anonymous_3)
FNDA:2,(anonymous_4)
FNDA:1,(anonymous_5)
FNDA:2,(anonymous_6)
DA:6,2
DA:70,2
DA:78,2
DA:79,2
DA:80,1
DA:82,1
DA:83,1
DA:84,1
DA:85,1
DA:87,1
DA:88,1
DA:90,1
DA:111,2
DA:124,2
DA:125,2
DA:126,1
DA:132,1
DA:133,1
DA:134,1
DA:179,2
DA:180,2
DA:181,2
DA:182,1
DA:184,1
DA:185,1
DA:186,1
DA:188,1
DA:242,2
DA:255,2
DA:256,2
DA:257,1
DA:263,1
DA:264,1
DA:265,1
DA:319,2
DA:320,2
DA:321,2
DA:322,1
DA:324,1
DA:325,1
DA:326,1
DA:328,1
LF:42
LH:42
BRDA:79,0,0,1
BRDA:79,0,1,1
BRDA:84,1,0,1
BRDA:84,1,1,0
BRDA:125,2,0,1
BRDA:125,2,1,1
BRDA:181,3,0,1
BRDA:181,3,1,1
BRDA:256,4,0,1
BRDA:256,4,1,1
BRDA:321,5,0,1
BRDA:321,5,1,1
BRF:12
BRH:11
end_of_record
TN:
SF:src\routers\emotionRouter.js
FN:21,(anonymous_0)
FNF:1
FNH:1
FNDA:2,(anonymous_0)
DA:6,2
DA:14,2
DA:22,2
DA:23,2
DA:24,1
DA:26,1
DA:27,1
DA:28,1
DA:33,1
DA:34,1
DA:36,1
LF:11
LH:11
BRDA:23,0,0,1
BRDA:23,0,1,1
BRF:2
BRH:2
end_of_record
TN:
SF:src\routers\loginRouter.js
FN:11,(anonymous_0)
FN:18,(anonymous_1)
FN:23,(anonymous_2)
FN:27,(anonymous_3)
FNF:4
FNH:0
FNDA:0,(anonymous_0)
FNDA:0,(anonymous_1)
FNDA:0,(anonymous_2)
FNDA:0,(anonymous_3)
DA:3,2
DA:5,2
DA:12,0
DA:16,2
DA:19,0
DA:23,2
DA:24,0
DA:27,2
DA:28,0
LF:9
LH:5
BRF:0
BRH:0
end_of_record
TN:
SF:src\routers\uploadRouter.js
FN:45,(anonymous_0)
FN:58,(anonymous_1)
FN:66,(anonymous_2)
FNF:3
FNH:1
FNDA:1,(anonymous_0)
FNDA:0,(anonymous_1)
FNDA:0,(anonymous_2)
DA:5,2
DA:45,2
DA:46,1
DA:47,1
DA:48,1
DA:49,1
DA:50,1
DA:55,1
DA:58,2
DA:59,0
DA:60,0
DA:61,0
DA:67,0
DA:68,0
DA:72,0
DA:74,0
LF:16
LH:9
BRDA:67,0,0,0
BRDA:67,0,1,0
BRF:2
BRH:0
end_of_record
TN:
SF:src\routers\userRouter.js
FN:8,(anonymous_0)
FN:17,(anonymous_1)
FN:25,(anonymous_2)
FN:33,(anonymous_3)
FN:44,(anonymous_4)
FN:46,(anonymous_5)
FN:57,(anonymous_6)
FN:66,(anonymous_7)
FN:71,(anonymous_8)
FN:83,(anonymous_9)
FNF:10
FNH:0
FNDA:0,(anonymous_0)
FNDA:0,(anonymous_1)
FNDA:0,(anonymous_2)
FNDA:0,(anonymous_3)
FNDA:0,(anonymous_4)
FNDA:0,(anonymous_5)
FNDA:0,(anonymous_6)
FNDA:0,(anonymous_7)
FNDA:0,(anonymous_8)
FNDA:0,(anonymous_9)
DA:4,2
DA:5,2
DA:9,0
DA:10,0
DA:12,0
DA:17,2
DA:18,0
DA:19,0
DA:21,0
DA:25,2
DA:26,0
DA:27,0
DA:29,0
DA:33,2
DA:34,0
DA:35,0
DA:36,0
DA:38,0
DA:44,2
DA:45,0
DA:46,0
DA:47,0
DA:50,0
DA:57,2
DA:58,0
DA:59,0
DA:61,0
DA:66,2
DA:67,0
DA:71,2
DA:72,0
DA:73,0
DA:74,0
DA:75,0
DA:76,0
DA:78,0
DA:83,2
DA:84,0
DA:85,0
DA:86,0
DA:87,0
DA:88,0
DA:90,0
LF:43
LH:10
BRDA:9,0,0,0
BRDA:9,0,1,0
BRDA:18,1,0,0
BRDA:18,1,1,0
BRDA:26,2,0,0
BRDA:26,2,1,0
BRDA:35,3,0,0
BRDA:35,3,1,0
BRDA:45,4,0,0
BRDA:45,4,1,0
BRDA:58,5,0,0
BRDA:58,5,1,0
BRDA:75,6,0,0
BRDA:75,6,1,0
BRDA:87,7,0,0
BRDA:87,7,1,0
BRF:16
BRH:0
end_of_record
TN:
SF:src\services\diaryService.js
FN:13,(anonymous_0)
FN:27,(anonymous_1)
FN:36,(anonymous_2)
FN:46,(anonymous_3)
FN:55,(anonymous_4)
FN:64,(anonymous_5)
FN:72,(anonymous_6)
FN:81,(anonymous_7)
FNF:8
FNH:8
FNDA:1,(anonymous_0)
FNDA:1,(anonymous_1)
FNDA:2,(anonymous_2)
FNDA:1,(anonymous_3)
FNDA:4,(anonymous_4)
FNDA:1,(anonymous_5)
FNDA:1,(anonymous_6)
FNDA:1,(anonymous_7)
DA:14,1
DA:20,1
DA:21,1
DA:28,1
DA:29,1
DA:37,2
DA:38,2
DA:47,1
DA:48,1
DA:56,4
DA:57,4
DA:65,1
DA:66,1
DA:73,1
DA:74,1
DA:82,1
DA:83,1
LF:17
LH:17
BRF:0
BRH:0
end_of_record
TN:
SF:src\services\emotionService.js
FN:4,(anonymous_0)
FNF:1
FNH:1
FNDA:1,(anonymous_0)
DA:5,1
DA:10,1
DA:11,1
LF:3
LH:3
BRF:0
BRH:0
end_of_record
TN:
SF:src\utils\preSign.js
FN:14,createUrl
FNF:1
FNH:1
FNDA:1,createUrl
DA:3,2
DA:10,2
DA:11,2
DA:12,2
DA:15,1
DA:21,1
LF:6
LH:6
BRF:0
BRH:0
end_of_record
TN:
SF:src\utils\status.js
FNF:0
FNH:0
DA:13,2
DA:19,2
DA:21,2
DA:27,2
DA:33,2
DA:40,2
DA:49,2
DA:55,2
DA:59,2
DA:65,2
LF:10
LH:10
BRF:0
BRH:0
end_of_record
