TN:
SF:src\app.js
FN:84,(anonymous_0)
FN:106,(anonymous_1)
FN:111,(anonymous_2)
FNF:3
FNH:1
FNDA:0,(anonymous_0)
FNDA:0,(anonymous_1)
FNDA:4,(anonymous_2)
DA:25,2
DA:26,2
DA:28,2
DA:34,2
DA:36,2
DA:37,0
DA:38,0
DA:45,0
DA:46,0
DA:48,2
DA:54,2
DA:55,2
DA:61,2
DA:62,2
DA:63,2
DA:64,2
DA:67,2
DA:76,2
DA:77,2
DA:78,2
DA:81,2
DA:82,0
DA:85,0
DA:90,2
DA:93,2
DA:94,2
DA:95,2
DA:100,2
DA:101,2
DA:102,2
DA:103,2
DA:104,2
DA:105,2
DA:106,2
DA:107,0
DA:109,2
DA:112,4
DA:113,0
DA:115,4
DA:119,2
LF:40
LH:32
BRDA:36,0,0,0
BRDA:36,0,1,2
BRDA:81,1,0,0
BRDA:81,1,1,2
BRDA:112,2,0,0
BRDA:112,2,1,4
BRF:6
BRH:3
end_of_record
TN:
SF:src\config\env.js
FNF:0
FNH:0
DA:2,2
LF:1
LH:1
BRF:0
BRH:0
end_of_record
TN:
SF:src\config\s3.js
FNF:0
FNH:0
DA:3,2
LF:1
LH:1
BRF:0
BRH:0
end_of_record
TN:
SF:src\config\swaggerDoc.js
FNF:0
FNH:0
DA:4,2
DA:6,2
DA:32,2
LF:3
LH:3
BRF:0
BRH:0
end_of_record
TN:
SF:src\db\index.js
FNF:0
FNH:0
LF:0
LH:0
BRF:0
BRH:0
end_of_record
TN:
SF:src\db\models\Calendar.js
FN:6,(anonymous_0)
FN:12,(anonymous_1)
FN:17,(anonymous_2)
FN:22,(anonymous_3)
FNF:4
FNH:0
FNDA:0,(anonymous_0)
FNDA:0,(anonymous_1)
FNDA:0,(anonymous_2)
FNDA:0,(anonymous_3)
DA:3,2
DA:8,0
DA:9,0
DA:10,0
DA:14,0
DA:15,0
DA:19,0
DA:20,0
DA:24,0
DA:25,0
LF:10
LH:1
BRF:0
BRH:0
end_of_record
TN:
SF:src\db\models\Challenge.js
FN:5,(anonymous_0)
FN:8,(anonymous_1)
FN:17,(anonymous_2)
FNF:3
FNH:0
FNDA:0,(anonymous_0)
FNDA:0,(anonymous_1)
FNDA:0,(anonymous_2)
DA:2,2
DA:6,0
DA:9,0
DA:14,0
DA:18,0
DA:28,0
LF:6
LH:1
BRF:0
BRH:0
end_of_record
TN:
SF:src\db\models\Diary.js
FN:10,(anonymous_0)
FN:28,(anonymous_1)
FN:45,(anonymous_2)
FN:77,(anonymous_3)
FN:104,(anonymous_4)
FN:135,(anonymous_5)
FN:148,(anonymous_6)
FN:164,(anonymous_7)
FN:177,(anonymous_8)
FNF:9
FNH:8
FNDA:1,(anonymous_0)
FNDA:1,(anonymous_1)
FNDA:2,(anonymous_2)
FNDA:1,(anonymous_3)
FNDA:0,(anonymous_4)
FNDA:4,(anonymous_5)
FNDA:1,(anonymous_6)
FNDA:1,(anonymous_7)
FNDA:1,(anonymous_8)
DA:2,2
DA:11,1
DA:20,1
DA:29,1
DA:37,1
DA:46,2
DA:56,2
DA:69,2
DA:78,1
DA:96,1
DA:105,0
DA:127,0
DA:136,4
DA:141,4
DA:149,1
DA:157,1
DA:165,1
DA:170,1
DA:179,1
DA:180,1
LF:20
LH:18
BRF:0
BRH:0
end_of_record
TN:
SF:src\db\models\Emotion.js
FN:12,(anonymous_0)
FNF:1
FNH:1
FNDA:1,(anonymous_0)
DA:2,2
DA:13,1
DA:16,1
LF:3
LH:3
BRF:0
BRH:0
end_of_record
TN:
SF:src\db\models\Images.js
FN:10,(anonymous_0)
FNF:1
FNH:0
FNDA:0,(anonymous_0)
DA:2,2
DA:11,0
DA:14,0
LF:3
LH:1
BRF:0
BRH:0
end_of_record
TN:
SF:src\db\models\Reward.js
FN:6,(anonymous_0)
FN:25,(anonymous_1)
FN:38,(anonymous_2)
FN:50,(anonymous_3)
FNF:4
FNH:0
FNDA:0,(anonymous_0)
FNDA:0,(anonymous_1)
FNDA:0,(anonymous_2)
FNDA:0,(anonymous_3)
DA:4,2
DA:7,0
DA:13,0
DA:15,0
DA:16,0
DA:26,0
DA:36,0
DA:39,0
DA:48,0
DA:51,0
DA:56,0
LF:11
LH:1
BRDA:13,0,0,0
BRDA:13,0,1,0
BRF:2
BRH:0
end_of_record
TN:
SF:src\db\models\User.js
FN:5,(anonymous_0)
FN:27,(anonymous_1)
FN:38,(anonymous_2)
FN:48,(anonymous_3)
FNF:4
FNH:1
FNDA:0,(anonymous_0)
FNDA:0,(anonymous_1)
FNDA:0,(anonymous_2)
FNDA:2,(anonymous_3)
DA:3,2
DA:6,0
DA:13,0
DA:14,0
DA:16,0
DA:24,0
DA:28,0
DA:36,0
DA:39,0
DA:46,0
DA:49,2
DA:50,2
DA:57,2
DA:59,0
DA:65,0
LF:15
LH:4
BRDA:13,0,0,0
BRDA:13,0,1,0
BRDA:49,1,0,2
BRDA:49,1,1,0
BRF:4
BRH:1
end_of_record
TN:
SF:src\db\models\UserCh.js
FN:5,(anonymous_0)
FN:18,(anonymous_1)
FN:32,(anonymous_2)
FN:43,(anonymous_3)
FN:54,(anonymous_4)
FN:70,(anonymous_5)
FN:80,(anonymous_6)
FN:90,(anonymous_7)
FN:102,(anonymous_8)
FNF:9
FNH:0
FNDA:0,(anonymous_0)
FNDA:0,(anonymous_1)
FNDA:0,(anonymous_2)
FNDA:0,(anonymous_3)
FNDA:0,(anonymous_4)
FNDA:0,(anonymous_5)
FNDA:0,(anonymous_6)
FNDA:0,(anonymous_7)
FNDA:0,(anonymous_8)
DA:3,2
DA:6,0
DA:15,0
DA:19,0
DA:29,0
DA:33,0
DA:40,0
DA:44,0
DA:55,0
DA:56,0
DA:57,0
DA:68,0
DA:71,0
DA:77,0
DA:81,0
DA:88,0
DA:91,0
DA:99,0
DA:104,0
DA:105,0
LF:20
LH:1
BRF:0
BRH:0
end_of_record
TN:
SF:src\middlewares\errorMiddleware.js
FN:4,errorMiddleware
FNF:1
FNH:1
FNDA:4,errorMiddleware
DA:6,4
DA:7,4
DA:8,4
DA:9,4
DA:17,4
LF:5
LH:5
BRDA:13,0,0,4
BRDA:13,0,1,4
BRDA:14,1,0,4
BRDA:14,1,1,0
BRDA:17,2,0,4
BRDA:17,2,1,4
BRF:6
BRH:5
end_of_record
TN:
SF:src\middlewares\validator.js
FN:5,(anonymous_0)
FNF:1
FNH:1
FNDA:10,(anonymous_0)
DA:5,2
DA:6,10
DA:7,10
DA:8,6
DA:10,4
DA:11,4
LF:6
LH:6
BRDA:7,0,0,6
BRDA:7,0,1,4
BRDA:11,1,0,4
BRDA:11,1,1,4
BRF:4
BRH:4
end_of_record
TN:
SF:src\passport\finalStrategy.js
FN:7,(anonymous_0)
FN:8,(anonymous_1)
FN:13,(anonymous_2)
FNF:3
FNH:3
FNDA:2,(anonymous_0)
FNDA:2,(anonymous_1)
FNDA:6,(anonymous_2)
DA:7,2
DA:8,2
DA:10,2
DA:11,2
DA:13,2
DA:15,6
DA:17,2
DA:18,2
DA:19,2
DA:20,2
DA:21,2
LF:11
LH:11
BRF:0
BRH:0
end_of_record
TN:
SF:src\passport\googleStrategy.js
FN:17,(anonymous_0)
FN:39,(anonymous_1)
FNF:2
FNH:1
FNDA:0,(anonymous_0)
FNDA:2,(anonymous_1)
DA:7,2
DA:10,2
DA:17,2
DA:18,0
DA:19,0
DA:20,0
DA:21,0
DA:22,0
DA:24,0
DA:33,0
DA:36,0
DA:39,2
DA:40,2
LF:13
LH:5
BRDA:21,0,0,0
BRDA:21,0,1,0
BRF:2
BRH:0
end_of_record
TN:
SF:src\passport\kakaoStrategy.js
FN:14,(anonymous_0)
FN:39,(anonymous_1)
FNF:2
FNH:1
FNDA:0,(anonymous_0)
FNDA:4,(anonymous_1)
DA:6,2
DA:8,2
DA:14,2
DA:15,0
DA:17,0
DA:18,0
DA:19,0
DA:20,0
DA:21,0
DA:23,0
DA:32,0
DA:35,0
DA:39,2
DA:40,4
LF:14
LH:5
BRDA:20,0,0,0
BRDA:20,0,1,0
BRF:2
BRH:0
end_of_record
TN:
SF:src\passport\localStrategy.js
FN:14,(anonymous_0)
FN:27,(anonymous_1)
FNF:2
FNH:2
FNDA:2,(anonymous_0)
FNDA:2,(anonymous_1)
DA:7,2
DA:10,2
DA:14,2
DA:15,2
DA:20,2
DA:21,2
DA:23,0
DA:27,2
DA:28,2
LF:9
LH:8
BRDA:20,0,0,2
BRDA:20,0,1,0
BRF:2
BRH:1
end_of_record
TN:
SF:src\passport\naverStrategy.js
FN:14,(anonymous_0)
FN:38,(anonymous_1)
FNF:2
FNH:1
FNDA:0,(anonymous_0)
FNDA:2,(anonymous_1)
DA:6,2
DA:8,2
DA:14,2
DA:15,0
DA:17,0
DA:18,0
DA:19,0
DA:20,0
DA:21,0
DA:23,0
DA:31,0
DA:34,0
DA:38,2
DA:39,2
LF:14
LH:5
BRDA:20,0,0,0
BRDA:20,0,1,0
BRF:2
BRH:0
end_of_record
TN:
SF:src\routers\calendarRouter.js
FN:6,(anonymous_0)
FN:14,(anonymous_1)
FNF:2
FNH:0
FNDA:0,(anonymous_0)
FNDA:0,(anonymous_1)
DA:4,2
DA:6,2
DA:7,0
DA:8,0
DA:10,0
DA:14,2
DA:15,0
DA:16,0
DA:17,0
DA:18,0
DA:19,0
DA:20,0
DA:22,0
LF:13
LH:3
BRDA:7,0,0,0
BRDA:7,0,1,0
BRDA:15,1,0,0
BRDA:15,1,1,0
BRF:4
BRH:0
end_of_record
TN:
SF:src\routers\diaryRouter.js
FN:77,(anonymous_0)
FN:123,(anonymous_1)
FN:131,(anonymous_2)
FN:260,(anonymous_3)
FN:336,(anonymous_4)
FN:344,(anonymous_5)
FN:401,(anonymous_6)
FNF:7
FNH:7
FNDA:2,(anonymous_0)
FNDA:2,(anonymous_1)
FNDA:1,(anonymous_2)
FNDA:2,(anonymous_3)
FNDA:2,(anonymous_4)
FNDA:1,(anonymous_5)
FNDA:2,(anonymous_6)
DA:6,2
DA:70,2
DA:78,2
DA:79,2
DA:80,1
DA:82,1
DA:83,1
DA:84,1
DA:85,1
DA:87,1
DA:88,1
DA:90,1
DA:111,2
DA:124,2
DA:125,2
DA:126,1
DA:132,1
DA:133,1
DA:134,1
DA:260,2
DA:261,2
DA:262,1
DA:264,1
DA:265,1
DA:266,1
DA:267,0
DA:268,0
DA:270,1
DA:271,1
DA:324,2
DA:337,2
DA:338,2
DA:339,1
DA:345,1
DA:346,1
DA:347,1
DA:401,2
DA:402,2
DA:403,2
DA:404,1
DA:406,1
DA:407,1
DA:408,1
DA:410,1
LF:44
LH:42
BRDA:79,0,0,1
BRDA:79,0,1,1
BRDA:84,1,0,1
BRDA:84,1,1,0
BRDA:125,2,0,1
BRDA:125,2,1,1
BRDA:261,3,0,1
BRDA:261,3,1,1
BRDA:266,4,0,0
BRDA:266,4,1,1
BRDA:338,5,0,1
BRDA:338,5,1,1
BRDA:403,6,0,1
BRDA:403,6,1,1
BRF:14
BRH:12
end_of_record
TN:
SF:src\routers\emotionRouter.js
FN:21,(anonymous_0)
FNF:1
FNH:1
FNDA:2,(anonymous_0)
DA:6,2
DA:14,2
DA:22,2
DA:23,2
DA:24,1
DA:26,1
DA:27,1
DA:28,1
DA:33,1
DA:34,1
DA:36,1
LF:11
LH:11
BRDA:23,0,0,1
BRDA:23,0,1,1
BRF:2
BRH:2
end_of_record
TN:
SF:src\routers\loginRouter.js
FN:11,(anonymous_0)
FN:18,(anonymous_1)
FN:23,(anonymous_2)
FN:27,(anonymous_3)
FNF:4
FNH:0
FNDA:0,(anonymous_0)
FNDA:0,(anonymous_1)
FNDA:0,(anonymous_2)
FNDA:0,(anonymous_3)
DA:3,2
DA:5,2
DA:12,0
DA:16,2
DA:19,0
DA:23,2
DA:24,0
DA:27,2
DA:28,0
LF:9
LH:5
BRF:0
BRH:0
end_of_record
TN:
SF:src\routers\uploadRouter.js
FN:45,(anonymous_0)
FN:58,(anonymous_1)
FN:66,(anonymous_2)
FNF:3
FNH:1
FNDA:1,(anonymous_0)
FNDA:0,(anonymous_1)
FNDA:0,(anonymous_2)
DA:5,2
DA:45,2
DA:46,1
DA:47,1
DA:48,1
DA:49,1
DA:50,1
DA:55,1
DA:58,2
DA:59,0
DA:60,0
DA:61,0
DA:67,0
DA:68,0
DA:72,0
DA:74,0
LF:16
LH:9
BRDA:67,0,0,0
BRDA:67,0,1,0
BRF:2
BRH:0
end_of_record
TN:
SF:src\routers\userRouter.js
FN:8,(anonymous_0)
FN:19,(anonymous_1)
FN:29,(anonymous_2)
FN:39,(anonymous_3)
FN:52,(anonymous_4)
FN:54,(anonymous_5)
FN:65,(anonymous_6)
FN:74,(anonymous_7)
FN:78,(anonymous_8)
FN:87,(anonymous_9)
FN:98,(anonymous_10)
FNF:11
FNH:0
FNDA:0,(anonymous_0)
FNDA:0,(anonymous_1)
FNDA:0,(anonymous_2)
FNDA:0,(anonymous_3)
FNDA:0,(anonymous_4)
FNDA:0,(anonymous_5)
FNDA:0,(anonymous_6)
FNDA:0,(anonymous_7)
FNDA:0,(anonymous_8)
FNDA:0,(anonymous_9)
FNDA:0,(anonymous_10)
DA:4,2
DA:5,2
DA:9,0
DA:10,0
DA:14,0
DA:19,2
DA:20,0
DA:21,0
DA:25,0
DA:29,2
DA:30,0
DA:31,0
DA:35,0
DA:39,2
DA:40,0
DA:41,0
DA:42,0
DA:46,0
DA:52,2
DA:53,0
DA:54,0
DA:55,0
DA:58,0
DA:65,2
DA:66,0
DA:67,0
DA:69,0
DA:74,2
DA:75,0
DA:78,2
DA:79,0
DA:80,0
DA:81,0
DA:82,0
DA:84,0
DA:87,2
DA:88,0
DA:89,0
DA:90,0
DA:91,0
DA:92,0
DA:94,0
DA:98,2
DA:99,0
DA:100,0
DA:101,0
DA:102,0
DA:103,0
DA:105,0
LF:49
LH:11
BRDA:9,0,0,0
BRDA:9,0,1,0
BRDA:20,1,0,0
BRDA:20,1,1,0
BRDA:30,2,0,0
BRDA:30,2,1,0
BRDA:41,3,0,0
BRDA:41,3,1,0
BRDA:53,4,0,0
BRDA:53,4,1,0
BRDA:66,5,0,0
BRDA:66,5,1,0
BRDA:81,6,0,0
BRDA:81,6,1,0
BRDA:91,7,0,0
BRDA:91,7,1,0
BRDA:102,8,0,0
BRDA:102,8,1,0
BRF:18
BRH:0
end_of_record
TN:
SF:src\services\calenderService.js
FN:3,(anonymous_0)
FNF:1
FNH:0
FNDA:0,(anonymous_0)
DA:4,0
DA:5,0
DA:7,0
DA:9,0
DA:10,0
DA:12,0
LF:6
LH:0
BRF:0
BRH:0
end_of_record
TN:
SF:src\services\diaryService.js
FN:13,(anonymous_0)
FN:27,(anonymous_1)
FN:36,(anonymous_2)
FN:46,(anonymous_3)
FN:59,(anonymous_4)
FN:68,(anonymous_5)
FN:77,(anonymous_6)
FN:85,(anonymous_7)
FN:94,(anonymous_8)
FNF:9
FNH:8
FNDA:1,(anonymous_0)
FNDA:1,(anonymous_1)
FNDA:2,(anonymous_2)
FNDA:1,(anonymous_3)
FNDA:0,(anonymous_4)
FNDA:4,(anonymous_5)
FNDA:1,(anonymous_6)
FNDA:1,(anonymous_7)
FNDA:1,(anonymous_8)
DA:14,1
DA:20,1
DA:21,1
DA:28,1
DA:29,1
DA:37,2
DA:38,2
DA:47,1
DA:48,1
DA:49,1
DA:50,1
DA:60,0
DA:61,0
DA:62,0
DA:69,4
DA:70,4
DA:78,1
DA:79,1
DA:86,1
DA:87,1
DA:95,1
DA:96,1
LF:22
LH:19
BRF:0
BRH:0
end_of_record
TN:
SF:src\services\emotionService.js
FN:4,(anonymous_0)
FNF:1
FNH:1
FNDA:1,(anonymous_0)
DA:5,1
DA:10,1
DA:11,1
LF:3
LH:3
BRF:0
BRH:0
end_of_record
TN:
SF:src\utils\preSign.js
FN:14,createUrl
FNF:1
FNH:1
FNDA:1,createUrl
DA:3,2
DA:10,2
DA:11,2
DA:12,2
DA:15,1
DA:21,1
LF:6
LH:6
BRF:0
BRH:0
end_of_record
TN:
SF:src\utils\status.js
FNF:0
FNH:0
DA:13,2
DA:19,2
DA:21,2
DA:27,2
DA:33,2
DA:40,2
DA:49,2
DA:55,2
DA:59,2
DA:65,2
LF:10
LH:10
BRF:0
BRH:0
end_of_record
